T1120 335287:656 SEGGER J-Link V4.98e Log File (0000ms, 246476ms total)
T1120 335287:656 DLL Compiled: May  5 2015 11:00:52 (0001ms, 246477ms total)
T1120 335287:656 Logging started @ 2017-08-07 14:56 (0001ms, 246477ms total)
T1120 335287:665 JLINK_ExecCommand("Device = ATSAMG55J19", ...)Device "ATSAMG55J19" selected.  returns 0x00 (0001ms, 246478ms total)
T1120 335288:081 JLINK_ExecCommand("ProjectFile = F:\github\yuneec\lgdst_module\tx\atmel\samg55\taisync\proj-tx\jlink.config", ...)  returns 0x00 (0001ms, 246479ms total)
T1120 335288:092 JLINK_ExecCommand("Device = ATSAMG55J19", ...)Device "ATSAMG55J19" selected.  returns 0x00 (0001ms, 246481ms total)
T1120 335288:094 JLINK_TIF_Select(JLINKARM_TIF_SWD)  returns 0x00 (0020ms, 246501ms total)
T1120 335288:114 JLINK_SetSpeed(4000) (0001ms, 246502ms total)
T1120 335288:115 JLINK_ResetPullsRESET(OFF) (0001ms, 246503ms total)
T1120 335288:116 JLINK_Connect() >0x108 TIF>Found SWD-DP with ID 0x2BA01477 >0x0D TIF> >0x21 TIF> >0x0D TIF> >0x28 TIF> >0x0D TIF> >0x28 TIF> >0x0D TIF> >0x21 TIF> >0x0D TIF> >0x28 TIF> >0x0D TIF> >0x21 TIF> >0x0D TIF> >0x21 TIF> >0x0D TIF> >0x21 TIF> >0x0D TIF> >0x21 TIF> >0x0D TIF> >0x28 TIF> >0x0D TIF> >0x28 TIF> >0x0D TIF> >0x21 TIF> >0x0D TIF> >0x28 TIF> >0x0D TIF> >0x28 TIF> >0x0D TIF> >0x28 TIF> >0x0D TIF> >0x21 TIF> >0x0D TIF> >0x21 TIF> >0x0D TIF> >0x28 TIF> >0x0D TIF> >0x21 TIF> >0x0D TIF>
 >0x21 TIF>Found Cortex-M4 r0p1, Little endian. -- CPU_WriteMem(4 bytes @ 0xE0002000) -- CPU_ReadMem(4 bytes @ 0xE000EDF0) -- CPU_WriteMem(4 bytes @ 0xE000EDF0) -- CPU_ReadMem(4 bytes @ 0xE0002000)FPUnit: 6 code (BP) slots and 2 literal slots -- CPU_ReadMem(4 bytes @ 0xE000EDFC) -- CPU_ReadMem(4 bytes @ 0xE0001000) -- CPU_WriteMem(4 bytes @ 0xE0001000) -- CPU_ReadMem(4 bytes @ 0xE000ED88) -- CPU_WriteMem(4 bytes @ 0xE000ED88) -- CPU_ReadMem(4 bytes @ 0xE000ED88) -- CPU_WriteMem(4 bytes @ 0xE000ED88)
CoreSight components:ROMTbl 0 @ E00FF000 -- CPU_ReadMem(16 bytes @ 0xE00FF000) -- CPU_ReadMem(16 bytes @ 0xE000EFF0) -- CPU_ReadMem(16 bytes @ 0xE000EFE0)ROMTbl 0 [0]: FFF0F000, CID: B105E00D, PID: 000BB00C SCS -- CPU_ReadMem(16 bytes @ 0xE0001FF0) -- CPU_ReadMem(16 bytes @ 0xE0001FE0)ROMTbl 0 [1]: FFF02000, CID: B105E00D, PID: 003BB002 DWT -- CPU_ReadMem(16 bytes @ 0xE0002FF0) -- CPU_ReadMem(16 bytes @ 0xE0002FE0)ROMTbl 0 [2]: FFF03000, CID: B105E00D, PID: 002BB003 FPB
 -- CPU_ReadMem(16 bytes @ 0xE0000FF0) -- CPU_ReadMem(16 bytes @ 0xE0000FE0)ROMTbl 0 [3]: FFF01000, CID: B105E00D, PID: 003BB001 ITM -- CPU_ReadMem(16 bytes @ 0xE00FF010) -- CPU_ReadMem(16 bytes @ 0xE0040FF0) -- CPU_ReadMem(16 bytes @ 0xE0040FE0)ROMTbl 0 [4]: FFF41000, CID: B105900D, PID: 000BB9A1 TPIU  returns 0x00 (0095ms, 246598ms total)
T1120 335288:211 JLINK_GetDebugInfo(0x100) -- Value=0xE00FF003  returns 0x00 (0002ms, 246600ms total)
T1120 335288:213 JLINK_ReadMem (0xE00FFFF0, 0x0010 Bytes, ...) -- CPU is running -- CPU_ReadMem(16 bytes @ 0xE00FFFF0) - Data: 0D 00 00 00 10 00 00 00 05 00 00 00 B1 00 00 00  returns 0x00 (0006ms, 246606ms total)
T1120 335288:219 JLINK_ReadMem (0xE00FFFD0, 0x0020 Bytes, ...) -- CPU is running -- CPU_ReadMem(32 bytes @ 0xE00FFFD0) - Data: 04 00 00 00 00 00 00 00 00 00 00 00 00 00 00 00 ...  returns 0x00 (0004ms, 246610ms total)
T1120 335288:223 JLINK_ReadMemU32(0xE00FF000, 0x0001 Items, ...) -- CPU is running -- CPU_ReadMem(4 bytes @ 0xE00FF000) - Data: 03 F0 F0 FF  returns 0x01 (0003ms, 246613ms total)
T1120 335288:226 JLINK_ReadMem (0xE000EFF0, 0x0010 Bytes, ...) -- CPU is running -- CPU_ReadMem(16 bytes @ 0xE000EFF0) - Data: 0D 00 00 00 E0 00 00 00 05 00 00 00 B1 00 00 00  returns 0x00 (0003ms, 246616ms total)
T1120 335288:229 JLINK_ReadMem (0xE000EFD0, 0x0020 Bytes, ...) -- CPU is running -- CPU_ReadMem(32 bytes @ 0xE000EFD0) - Data: 04 00 00 00 00 00 00 00 00 00 00 00 00 00 00 00 ...  returns 0x00 (0003ms, 246619ms total)
T1120 335288:232 JLINK_ReadMemU32(0xE00FF004, 0x0001 Items, ...) -- CPU is running -- CPU_ReadMem(4 bytes @ 0xE00FF004) - Data: 03 20 F0 FF  returns 0x01 (0003ms, 246622ms total)
T1120 335288:235 JLINK_ReadMem (0xE0001FF0, 0x0010 Bytes, ...) -- CPU is running -- CPU_ReadMem(16 bytes @ 0xE0001FF0) - Data: 0D 00 00 00 E0 00 00 00 05 00 00 00 B1 00 00 00  returns 0x00 (0003ms, 246625ms total)
T1120 335288:238 JLINK_ReadMem (0xE0001FD0, 0x0020 Bytes, ...) -- CPU is running -- CPU_ReadMem(32 bytes @ 0xE0001FD0) - Data: 04 00 00 00 00 00 00 00 00 00 00 00 00 00 00 00 ...  returns 0x00 (0005ms, 246630ms total)
T1120 335288:243 JLINK_ReadMemU32(0xE00FF008, 0x0001 Items, ...) -- CPU is running -- CPU_ReadMem(4 bytes @ 0xE00FF008) - Data: 03 30 F0 FF  returns 0x01 (0002ms, 246632ms total)
T1120 335288:245 JLINK_ReadMem (0xE0002FF0, 0x0010 Bytes, ...) -- CPU is running -- CPU_ReadMem(16 bytes @ 0xE0002FF0) - Data: 0D 00 00 00 E0 00 00 00 05 00 00 00 B1 00 00 00  returns 0x00 (0003ms, 246635ms total)
T1120 335288:249 JLINK_ReadMem (0xE0002FD0, 0x0020 Bytes, ...) -- CPU is running -- CPU_ReadMem(32 bytes @ 0xE0002FD0) - Data: 04 00 00 00 00 00 00 00 00 00 00 00 00 00 00 00 ...  returns 0x00 (0002ms, 246638ms total)
T1120 335288:251 JLINK_ReadMemU32(0xE00FF00C, 0x0001 Items, ...) -- CPU is running -- CPU_ReadMem(4 bytes @ 0xE00FF00C) - Data: 03 10 F0 FF  returns 0x01 (0004ms, 246642ms total)
T1120 335288:255 JLINK_ReadMem (0xE0000FF0, 0x0010 Bytes, ...) -- CPU is running -- CPU_ReadMem(16 bytes @ 0xE0000FF0) - Data: 0D 00 00 00 E0 00 00 00 05 00 00 00 B1 00 00 00  returns 0x00 (0003ms, 246645ms total)
T1120 335288:258 JLINK_ReadMem (0xE0000FD0, 0x0020 Bytes, ...) -- CPU is running -- CPU_ReadMem(32 bytes @ 0xE0000FD0) - Data: 04 00 00 00 00 00 00 00 00 00 00 00 00 00 00 00 ...  returns 0x00 (0003ms, 246648ms total)
T1120 335288:261 JLINK_ReadMemU32(0xE00FF010, 0x0001 Items, ...) -- CPU is running -- CPU_ReadMem(4 bytes @ 0xE00FF010) - Data: 03 10 F4 FF  returns 0x01 (0003ms, 246651ms total)
T1120 335288:264 JLINK_ReadMem (0xE0040FF0, 0x0010 Bytes, ...) -- CPU is running -- CPU_ReadMem(16 bytes @ 0xE0040FF0) - Data: 0D 00 00 00 90 00 00 00 05 00 00 00 B1 00 00 00  returns 0x00 (0003ms, 246654ms total)
T1120 335288:267 JLINK_ReadMem (0xE0040FD0, 0x0020 Bytes, ...) -- CPU is running -- CPU_ReadMem(32 bytes @ 0xE0040FD0) - Data: 04 00 00 00 00 00 00 00 00 00 00 00 00 00 00 00 ...  returns 0x00 (0003ms, 246657ms total)
T1120 335288:270 JLINK_ReadMemU32(0xE00FF014, 0x0001 Items, ...) -- CPU is running -- CPU_ReadMem(4 bytes @ 0xE00FF014) - Data: 02 20 F4 FF  returns 0x01 (0003ms, 246660ms total)
T1120 335288:273 JLINK_ReadMemU32(0xE00FF018, 0x0001 Items, ...) -- CPU is running -- CPU_ReadMem(4 bytes @ 0xE00FF018) - Data: 00 00 00 00  returns 0x01 (0003ms, 246663ms total)
T1120 335288:276 JLINK_ReadMem (0xE0001000, 0x0004 Bytes, ...) -- CPU is running -- CPU_ReadMem(4 bytes @ 0xE0001000) - Data: 01 00 00 40  returns 0x00 (0003ms, 246666ms total)
T1120 335288:279 JLINK_ReadMem (0xE0001000, 0x0004 Bytes, ...) -- CPU is running -- CPU_ReadMem(4 bytes @ 0xE0001000) - Data: 01 00 00 40  returns 0x00 (0004ms, 246670ms total)
T1120 335288:283 JLINK_ReadMem (0xE0001028, 0x0004 Bytes, ...) -- CPU is running -- CPU_ReadMem(4 bytes @ 0xE0001028) - Data: 00 00 00 00  returns 0x00 (0003ms, 246673ms total)
T1120 335288:286 JLINK_WriteMem(0xE0001028, 0x0004 Bytes, ...) - Data: 00 01 00 00 -- CPU is running -- CPU_WriteMem(4 bytes @ 0xE0001028)  returns 0x04 (0002ms, 246675ms total)
T1120 335288:288 JLINK_ReadMem (0xE0001028, 0x0004 Bytes, ...) -- CPU is running -- CPU_ReadMem(4 bytes @ 0xE0001028) - Data: 00 00 00 00  returns 0x00 (0003ms, 246678ms total)
T1120 335288:291 JLINK_ReadMem (0xE0001038, 0x0004 Bytes, ...) -- CPU is running -- CPU_ReadMem(4 bytes @ 0xE0001038) - Data: 00 02 00 00  returns 0x00 (0003ms, 246681ms total)
T1120 335288:295 JLINK_WriteMem(0xE0001038, 0x0004 Bytes, ...) - Data: 00 03 00 00 -- CPU is running -- CPU_WriteMem(4 bytes @ 0xE0001038)  returns 0x04 (0002ms, 246684ms total)
T1120 335288:297 JLINK_ReadMem (0xE0001038, 0x0004 Bytes, ...) -- CPU is running -- CPU_ReadMem(4 bytes @ 0xE0001038) - Data: 00 03 00 00  returns 0x00 (0003ms, 246687ms total)
T1120 335288:301 JLINK_ReadMem (0xE0001048, 0x0004 Bytes, ...) -- CPU is running -- CPU_ReadMem(4 bytes @ 0xE0001048) - Data: 00 00 00 00  returns 0x00 (0003ms, 246691ms total)
T1120 335288:304 JLINK_WriteMem(0xE0001048, 0x0004 Bytes, ...) - Data: 00 01 00 00 -- CPU is running -- CPU_WriteMem(4 bytes @ 0xE0001048)  returns 0x04 (0002ms, 246693ms total)
T1120 335288:307 JLINK_ReadMem (0xE0001048, 0x0004 Bytes, ...) -- CPU is running -- CPU_ReadMem(4 bytes @ 0xE0001048) - Data: 00 00 00 00  returns 0x00 (0003ms, 246697ms total)
T1120 335288:310 JLINK_ReadMem (0xE0001058, 0x0004 Bytes, ...) -- CPU is running -- CPU_ReadMem(4 bytes @ 0xE0001058) - Data: 00 00 00 00  returns 0x00 (0003ms, 246700ms total)
T1120 335288:313 JLINK_WriteMem(0xE0001058, 0x0004 Bytes, ...) - Data: 00 01 00 00 -- CPU is running -- CPU_WriteMem(4 bytes @ 0xE0001058)  returns 0x04 (0003ms, 246703ms total)
T1120 335288:316 JLINK_ReadMem (0xE0001058, 0x0004 Bytes, ...) -- CPU is running -- CPU_ReadMem(4 bytes @ 0xE0001058) - Data: 00 00 00 00  returns 0x00 (0003ms, 246706ms total)
T1120 335288:319 JLINK_ReadMem (0xE0001024, 0x0004 Bytes, ...) -- CPU is running -- CPU_ReadMem(4 bytes @ 0xE0001024) - Data: 00 00 00 00  returns 0x00 (0003ms, 246709ms total)
T1120 335288:322 JLINK_WriteMem(0xE0001024, 0x0004 Bytes, ...) - Data: 1F 00 00 00 -- CPU is running -- CPU_WriteMem(4 bytes @ 0xE0001024)  returns 0x04 (0003ms, 246712ms total)
T1120 335288:325 JLINK_ReadMem (0xE0001024, 0x0004 Bytes, ...) -- CPU is running -- CPU_ReadMem(4 bytes @ 0xE0001024) - Data: 0F 00 00 00  returns 0x00 (0003ms, 246715ms total)
T1120 335288:328 JLINK_ReadMem (0xE0001034, 0x0004 Bytes, ...) -- CPU is running -- CPU_ReadMem(4 bytes @ 0xE0001034) - Data: 00 00 00 00  returns 0x00 (0002ms, 246717ms total)
T1120 335288:330 JLINK_WriteMem(0xE0001034, 0x0004 Bytes, ...) - Data: 1F 00 00 00 -- CPU is running -- CPU_WriteMem(4 bytes @ 0xE0001034)  returns 0x04 (0003ms, 246720ms total)
T1120 335288:333 JLINK_ReadMem (0xE0001034, 0x0004 Bytes, ...) -- CPU is running -- CPU_ReadMem(4 bytes @ 0xE0001034) - Data: 0F 00 00 00  returns 0x00 (0003ms, 246723ms total)
T1120 335288:336 JLINK_ReadMem (0xE0001044, 0x0004 Bytes, ...) -- CPU is running -- CPU_ReadMem(4 bytes @ 0xE0001044) - Data: 00 00 00 00  returns 0x00 (0003ms, 246726ms total)
T1120 335288:340 JLINK_WriteMem(0xE0001044, 0x0004 Bytes, ...) - Data: 1F 00 00 00 -- CPU is running -- CPU_WriteMem(4 bytes @ 0xE0001044)  returns 0x04 (0002ms, 246729ms total)
T1120 335288:342 JLINK_ReadMem (0xE0001044, 0x0004 Bytes, ...) -- CPU is running -- CPU_ReadMem(4 bytes @ 0xE0001044) - Data: 0F 00 00 00  returns 0x00 (0004ms, 246733ms total)
T1120 335288:346 JLINK_ReadMem (0xE0001054, 0x0004 Bytes, ...) -- CPU is running -- CPU_ReadMem(4 bytes @ 0xE0001054) - Data: 00 00 00 00  returns 0x00 (0003ms, 246736ms total)
T1120 335288:349 JLINK_WriteMem(0xE0001054, 0x0004 Bytes, ...) - Data: 1F 00 00 00 -- CPU is running -- CPU_WriteMem(4 bytes @ 0xE0001054)  returns 0x04 (0004ms, 246740ms total)
T1120 335288:353 JLINK_ReadMem (0xE0001054, 0x0004 Bytes, ...) -- CPU is running -- CPU_ReadMem(4 bytes @ 0xE0001054) - Data: 0F 00 00 00  returns 0x00 (0004ms, 246744ms total)
T1120 335288:357 JLINK_ReadMem (0xE0001028, 0x0004 Bytes, ...) -- CPU is running -- CPU_ReadMem(4 bytes @ 0xE0001028) - Data: 00 00 00 00  returns 0x00 (0003ms, 246747ms total)
T1120 335288:360 JLINK_ReadMem (0xE0001038, 0x0004 Bytes, ...) -- CPU is running -- CPU_ReadMem(4 bytes @ 0xE0001038) - Data: 00 03 00 00  returns 0x00 (0003ms, 246750ms total)
T1120 335288:363 JLINK_ReadMem (0xE0001048, 0x0004 Bytes, ...) -- CPU is running -- CPU_ReadMem(4 bytes @ 0xE0001048) - Data: 00 00 00 00  returns 0x00 (0004ms, 246754ms total)
T1120 335288:367 JLINK_ReadMem (0xE0001058, 0x0004 Bytes, ...) -- CPU is running -- CPU_ReadMem(4 bytes @ 0xE0001058) - Data: 00 00 00 00  returns 0x00 (0003ms, 246757ms total)
T1120 335288:370 JLINK_WriteMem(0xE0001020, 0x0004 Bytes, ...) - Data: 00 00 00 00 -- CPU is running -- CPU_WriteMem(4 bytes @ 0xE0001020)  returns 0x04 (0002ms, 246759ms total)
T1120 335288:372 JLINK_WriteMem(0xE0001024, 0x0004 Bytes, ...) - Data: 00 00 00 00 -- CPU is running -- CPU_WriteMem(4 bytes @ 0xE0001024)  returns 0x04 (0003ms, 246762ms total)
T1120 335288:376 JLINK_WriteMem(0xE0001028, 0x0004 Bytes, ...) - Data: 00 00 00 00 -- CPU is running -- CPU_WriteMem(4 bytes @ 0xE0001028)  returns 0x04 (0003ms, 246766ms total)
T1120 335288:379 JLINK_WriteMem(0xE0001030, 0x0004 Bytes, ...) - Data: 00 00 00 00 -- CPU is running -- CPU_WriteMem(4 bytes @ 0xE0001030)  returns 0x04 (0003ms, 246769ms total)
T1120 335288:383 JLINK_WriteMem(0xE0001034, 0x0004 Bytes, ...) - Data: 00 00 00 00 -- CPU is running -- CPU_WriteMem(4 bytes @ 0xE0001034)  returns 0x04 (0002ms, 246772ms total)
T1120 335288:385 JLINK_WriteMem(0xE0001038, 0x0004 Bytes, ...) - Data: 00 00 00 00 -- CPU is running -- CPU_WriteMem(4 bytes @ 0xE0001038)  returns 0x04 (0003ms, 246775ms total)
T1120 335288:389 JLINK_WriteMem(0xE0001040, 0x0004 Bytes, ...) - Data: 00 00 00 00 -- CPU is running -- CPU_WriteMem(4 bytes @ 0xE0001040)  returns 0x04 (0002ms, 246778ms total)
T1120 335288:392 JLINK_WriteMem(0xE0001044, 0x0004 Bytes, ...) - Data: 00 00 00 00 -- CPU is running -- CPU_WriteMem(4 bytes @ 0xE0001044)  returns 0x04 (0003ms, 246782ms total)
T1120 335288:395 JLINK_WriteMem(0xE0001048, 0x0004 Bytes, ...) - Data: 00 00 00 00 -- CPU is running -- CPU_WriteMem(4 bytes @ 0xE0001048)  returns 0x04 (0004ms, 246786ms total)
T1120 335288:399 JLINK_WriteMem(0xE0001050, 0x0004 Bytes, ...) - Data: 00 00 00 00 -- CPU is running -- CPU_WriteMem(4 bytes @ 0xE0001050)  returns 0x04 (0004ms, 246790ms total)
T1120 335288:403 JLINK_WriteMem(0xE0001054, 0x0004 Bytes, ...) - Data: 00 00 00 00 -- CPU is running -- CPU_WriteMem(4 bytes @ 0xE0001054)  returns 0x04 (0003ms, 246793ms total)
T1120 335288:406 JLINK_WriteMem(0xE0001058, 0x0004 Bytes, ...) - Data: 00 00 00 00 -- CPU is running -- CPU_WriteMem(4 bytes @ 0xE0001058)  returns 0x04 (0003ms, 246796ms total)
T1120 335288:409 JLINK_Halt()  returns 0x00 (0005ms, 246801ms total)
T1120 335288:418 JLINK_JTAG_GetDeviceID(DeviceIndex = 0)  returns 0x00 (0002ms, 246803ms total)
T1120 335288:420 JLINK_ReadMemU32(0x400E0740, 0x0001 Items, ...) -- CPU_ReadMem(4 bytes @ 0x400E0740) - Data: E0 0A 57 24  returns 0x01 (0004ms, 246807ms total)
T1120 335288:424 JLINK_ReadMemU32(0x400E0744, 0x0001 Items, ...) -- CPU_ReadMem(4 bytes @ 0x400E0744) - Data: 00 00 00 00  returns 0x01 (0004ms, 246811ms total)
T03F4 335288:428 JLINK_IsHalted()  returns TRUE (0025ms, 246836ms total)
T03F4 335288:454 JLINK_GetMOEs(...) -- CPU_ReadMem(4 bytes @ 0xE000ED30) -- CPU_WriteMem(4 bytes @ 0xE000ED30)  returns 0x01 (0002ms, 246839ms total)
T03F4 335288:457 JLINK_ReadReg(R15 (PC))  returns 0x00400DBC (0000ms, 246840ms total)
T1314 335288:556 JLINK_Halt()  returns 0x00 (0001ms, 246841ms total)
T1314 335288:558 JLINK_ReadReg(R15 (PC))  returns 0x00400DBC (0004ms, 246846ms total)
T1314 335288:563 JLINK_ReadReg(R13 (SP))  returns 0x200153C0 (0003ms, 246850ms total)
T1314 335288:572 JLINK_ReadMemHW(0x00400DBC, 0x0004 Bytes, ...) -- CPU_ReadMem(4 bytes @ 0x00400DBC) - Data: 18 46 0C 37  returns 0x00 (0018ms, 246869ms total)
T1314 335288:591 JLINK_ReadReg(R0)  returns 0x00000000 (0001ms, 246871ms total)
T1314 335288:592 JLINK_ReadReg(R1)  returns 0x00000000 (0002ms, 246873ms total)
T1314 335288:595 JLINK_ReadReg(R2)  returns 0x00000000 (0003ms, 246876ms total)
T1314 335288:598 JLINK_ReadReg(R3)  returns 0x00000000 (0000ms, 246876ms total)
T1314 335288:598 JLINK_ReadReg(R4)  returns 0x00404CDD (0000ms, 246876ms total)
T1314 335288:599 JLINK_ReadReg(R5)  returns 0x00000000 (0000ms, 246877ms total)
T1314 335288:602 JLINK_ReadReg(R6)  returns 0x00000000 (0001ms, 246881ms total)
T1314 335288:603 JLINK_ReadReg(R7)  returns 0x200153C0 (0000ms, 246881ms total)
T1314 335288:603 JLINK_ReadReg(R8)  returns 0x00000000 (0001ms, 246882ms total)
T1314 335288:604 JLINK_ReadReg(R9)  returns 0x00000000 (0000ms, 246882ms total)
T1314 335288:604 JLINK_ReadReg(R10)  returns 0x00000000 (0001ms, 246883ms total)
T1314 335288:605 JLINK_ReadReg(R11)  returns 0x00000000 (0000ms, 246883ms total)
T1314 335288:605 JLINK_ReadReg(R12)  returns 0x20000150 (0002ms, 246885ms total)
T1314 335288:607 JLINK_ReadReg(R13 (SP))  returns 0x200153C0 (0003ms, 246888ms total)
T1314 335288:611 JLINK_ReadReg(R14)  returns 0x00400D6F (0001ms, 246890ms total)
T1314 335288:612 JLINK_ReadReg(R15 (PC))  returns 0x00400DBC (0001ms, 246891ms total)
T1314 335288:613 JLINK_ReadReg(XPSR)  returns 0x61000000 (0001ms, 246892ms total)
T1314 335288:614 JLINK_ReadReg(MSP)  returns 0x200153C0 (0000ms, 246892ms total)
T1314 335288:615 JLINK_ReadReg(PSP)  returns 0x00000000 (0000ms, 246893ms total)
T1314 335288:615 JLINK_ReadReg(PRIMASK)  returns 0x00000000 (0001ms, 246894ms total)
T1314 335288:616 JLINK_ReadReg(BASEPRI)  returns 0x00000000 (0001ms, 246895ms total)
T1314 335288:617 JLINK_ReadReg(FAULTMASK)  returns 0x00000000 (0001ms, 246896ms total)
T1314 335288:618 JLINK_ReadReg(CONTROL)  returns 0x00000000 (0001ms, 246897ms total)
T1314 335288:619 JLINK_ReadReg(FPSCR)  returns 0x00000000 (0012ms, 246909ms total)
T1314 335288:631 JLINK_ReadReg(FPS0)  returns 0x00000000 (0001ms, 246910ms total)
T1314 335288:632 JLINK_ReadReg(FPS1)  returns 0x00000000 (0000ms, 246910ms total)
T1314 335288:633 JLINK_ReadReg(FPS2)  returns 0x00000000 (0000ms, 246911ms total)
T1314 335288:633 JLINK_ReadReg(FPS3)  returns 0x00000000 (0001ms, 246912ms total)
T1314 335288:634 JLINK_ReadReg(FPS4)  returns 0x00000000 (0001ms, 246913ms total)
T1314 335288:635 JLINK_ReadReg(FPS5)  returns 0x00000000 (0000ms, 246913ms total)
T1314 335288:636 JLINK_ReadReg(FPS6)  returns 0x00000000 (0000ms, 246914ms total)
T1314 335288:636 JLINK_ReadReg(FPS7)  returns 0x00000000 (0001ms, 246915ms total)
T1314 335288:637 JLINK_ReadReg(FPS8)  returns 0x00000000 (0001ms, 246916ms total)
T1314 335288:638 JLINK_ReadReg(FPS9)  returns 0x00000000 (0000ms, 246916ms total)
T1314 335288:639 JLINK_ReadReg(FPS10)  returns 0x00000000 (0000ms, 246917ms total)
T1314 335288:639 JLINK_ReadReg(FPS11)  returns 0x00000000 (0001ms, 246918ms total)
T1314 335288:640 JLINK_ReadReg(FPS12)  returns 0x00000000 (0001ms, 246919ms total)
T1314 335288:641 JLINK_ReadReg(FPS13)  returns 0x00000000 (0002ms, 246921ms total)
T1314 335288:643 JLINK_ReadReg(FPS14)  returns 0x00000000 (0000ms, 246921ms total)
T1314 335288:643 JLINK_ReadReg(FPS15)  returns 0x00000000 (0001ms, 246922ms total)
T1314 335288:644 JLINK_ReadReg(FPS16)  returns 0x00000000 (0001ms, 246923ms total)
T1314 335288:645 JLINK_ReadReg(FPS17)  returns 0x00000000 (0001ms, 246924ms total)
T1314 335288:646 JLINK_ReadReg(FPS18)  returns 0x00000000 (0002ms, 246926ms total)
T1314 335288:648 JLINK_ReadReg(FPS19)  returns 0x00000000 (0001ms, 246927ms total)
T1314 335288:649 JLINK_ReadReg(FPS20)  returns 0x00000000 (0002ms, 246929ms total)
T1314 335288:651 JLINK_ReadReg(FPS21)  returns 0x00000000 (0001ms, 246930ms total)
T1314 335288:652 JLINK_ReadReg(FPS22)  returns 0x00000000 (0001ms, 246931ms total)
T1314 335288:653 JLINK_ReadReg(FPS23)  returns 0x00000000 (0001ms, 246932ms total)
T1314 335288:654 JLINK_ReadReg(FPS24)  returns 0x00000000 (0000ms, 246932ms total)
T1314 335288:655 JLINK_ReadReg(FPS25)  returns 0x00000000 (0000ms, 246933ms total)
T1314 335288:655 JLINK_ReadReg(FPS26)  returns 0x00000000 (0001ms, 246934ms total)
T1314 335288:656 JLINK_ReadReg(FPS27)  returns 0x00000000 (0001ms, 246935ms total)
T1314 335288:657 JLINK_ReadReg(FPS28)  returns 0x00000000 (0001ms, 246936ms total)
T03F4 335288:658 JLINK_IsHalted()  returns TRUE (0001ms, 246937ms total)
T1314 335288:659 JLINK_ReadReg(FPS29)  returns 0x00000000 (0001ms, 246938ms total)
T1314 335288:660 JLINK_ReadReg(FPS30)  returns 0x00000000 (0000ms, 246938ms total)
T1314 335288:660 JLINK_ReadReg(FPS31)  returns 0x00000000 (0002ms, 246940ms total)
T1314 335288:729 JLINK_ReadReg(R0)  returns 0x00000000 (0001ms, 246941ms total)
T1314 335288:730 JLINK_ReadReg(R1)  returns 0x00000000 (0001ms, 246942ms total)
T1314 335288:731 JLINK_ReadReg(R2)  returns 0x00000000 (0001ms, 246943ms total)
T1314 335288:732 JLINK_ReadReg(R3)  returns 0x00000000 (0000ms, 246943ms total)
T1314 335288:733 JLINK_ReadReg(R4)  returns 0x00404CDD (0000ms, 246944ms total)
T1314 335288:733 JLINK_ReadReg(R5)  returns 0x00000000 (0001ms, 246945ms total)
T1314 335288:734 JLINK_ReadReg(R6)  returns 0x00000000 (0001ms, 246946ms total)
T1314 335288:735 JLINK_ReadReg(R7)  returns 0x200153C0 (0000ms, 246946ms total)
T1314 335288:735 JLINK_ReadReg(R8)  returns 0x00000000 (0001ms, 246947ms total)
T1314 335288:736 JLINK_ReadReg(R9)  returns 0x00000000 (0001ms, 246948ms total)
T1314 335288:737 JLINK_ReadReg(R10)  returns 0x00000000 (0000ms, 246948ms total)
T1314 335288:738 JLINK_ReadReg(R11)  returns 0x00000000 (0000ms, 246949ms total)
T1314 335288:738 JLINK_ReadReg(R12)  returns 0x20000150 (0001ms, 246950ms total)
T1314 335288:739 JLINK_ReadReg(R13 (SP))  returns 0x200153C0 (0000ms, 246950ms total)
T1314 335288:740 JLINK_ReadReg(R14)  returns 0x00400D6F (0000ms, 246951ms total)
T1314 335288:740 JLINK_ReadReg(R15 (PC))  returns 0x00400DBC (0001ms, 246952ms total)
T1314 335288:741 JLINK_ReadReg(XPSR)  returns 0x61000000 (0001ms, 246953ms total)
T1314 335288:742 JLINK_ReadReg(MSP)  returns 0x200153C0 (0001ms, 246954ms total)
T1314 335288:743 JLINK_ReadReg(PSP)  returns 0x00000000 (0000ms, 246954ms total)
T1314 335288:743 JLINK_ReadReg(PRIMASK)  returns 0x00000000 (0001ms, 246955ms total)
T1314 335288:744 JLINK_ReadReg(BASEPRI)  returns 0x00000000 (0001ms, 246956ms total)
T1314 335288:745 JLINK_ReadReg(FAULTMASK)  returns 0x00000000 (0000ms, 246956ms total)
T1314 335288:745 JLINK_ReadReg(CONTROL)  returns 0x00000000 (0000ms, 246956ms total)
T1314 335288:745 JLINK_ReadReg(FPSCR)  returns 0x00000000 (0001ms, 246957ms total)
T1314 335288:746 JLINK_ReadReg(FPS0)  returns 0x00000000 (0000ms, 246957ms total)
T1314 335288:747 JLINK_ReadReg(FPS1)  returns 0x00000000 (0000ms, 246958ms total)
T1314 335288:747 JLINK_ReadReg(FPS2)  returns 0x00000000 (0001ms, 246959ms total)
T1314 335288:748 JLINK_ReadReg(FPS3)  returns 0x00000000 (0000ms, 246959ms total)
T1314 335288:749 JLINK_ReadReg(FPS4)  returns 0x00000000 (0000ms, 246960ms total)
T1314 335288:750 JLINK_ReadReg(FPS5)  returns 0x00000000 (0000ms, 246961ms total)
T1314 335288:750 JLINK_ReadReg(FPS6)  returns 0x00000000 (0001ms, 246962ms total)
T1314 335288:751 JLINK_ReadReg(FPS7)  returns 0x00000000 (0000ms, 246962ms total)
T1314 335288:751 JLINK_ReadReg(FPS8)  returns 0x00000000 (0001ms, 246963ms total)
T1314 335288:752 JLINK_ReadReg(FPS9)  returns 0x00000000 (0001ms, 246964ms total)
T1314 335288:753 JLINK_ReadReg(FPS10)  returns 0x00000000 (0001ms, 246965ms total)
T1314 335288:754 JLINK_ReadReg(FPS11)  returns 0x00000000 (0000ms, 246965ms total)
T1314 335288:755 JLINK_ReadReg(FPS12)  returns 0x00000000 (0000ms, 246966ms total)
T1314 335288:755 JLINK_ReadReg(FPS13)  returns 0x00000000 (0001ms, 246967ms total)
T1314 335288:756 JLINK_ReadReg(FPS14)  returns 0x00000000 (0001ms, 246968ms total)
T1314 335288:757 JLINK_ReadReg(FPS15)  returns 0x00000000 (0000ms, 246968ms total)
T1314 335288:757 JLINK_ReadReg(FPS16)  returns 0x00000000 (0001ms, 246969ms total)
T1314 335288:758 JLINK_ReadReg(FPS17)  returns 0x00000000 (0001ms, 246970ms total)
T1314 335288:759 JLINK_ReadReg(FPS18)  returns 0x00000000 (0000ms, 246970ms total)
T1314 335288:759 JLINK_ReadReg(FPS19)  returns 0x00000000 (0001ms, 246971ms total)
T1314 335288:760 JLINK_ReadReg(FPS20)  returns 0x00000000 (0001ms, 246972ms total)
T1314 335288:761 JLINK_ReadReg(FPS21)  returns 0x00000000 (0000ms, 246972ms total)
T1314 335288:762 JLINK_ReadReg(FPS22)  returns 0x00000000 (0000ms, 246973ms total)
T1314 335288:762 JLINK_ReadReg(FPS23)  returns 0x00000000 (0001ms, 246974ms total)
T1314 335288:763 JLINK_ReadReg(FPS24)  returns 0x00000000 (0000ms, 246974ms total)
T1314 335288:764 JLINK_ReadReg(FPS25)  returns 0x00000000 (0000ms, 246975ms total)
T1314 335288:764 JLINK_ReadReg(FPS26)  returns 0x00000000 (0001ms, 246976ms total)
T1314 335288:765 JLINK_ReadReg(FPS27)  returns 0x00000000 (0001ms, 246977ms total)
T1314 335288:766 JLINK_ReadReg(FPS28)  returns 0x00000000 (0000ms, 246977ms total)
T1314 335288:766 JLINK_ReadReg(FPS29)  returns 0x00000000 (0001ms, 246978ms total)
T1314 335288:767 JLINK_ReadReg(FPS30)  returns 0x00000000 (0001ms, 246979ms total)
T1314 335288:768 JLINK_ReadReg(FPS31)  returns 0x00000000 (0001ms, 246980ms total)
T1314 335288:778 JLINK_ReadMemHW(0x00400DBC, 0x0004 Bytes, ...) -- CPU_ReadMem(4 bytes @ 0x00400DBC) - Data: 18 46 0C 37  returns 0x00 (0006ms, 246986ms total)
T1314 335288:808 JLINK_ReadMem (0x200153D4, 0x0004 Bytes, ...) -- CPU_ReadMem(4 bytes @ 0x200153D4) - Data: 1B AC 40 00  returns 0x00 (0003ms, 246990ms total)
T1314 335288:812 JLINK_ReadMem (0x200153D4, 0x0004 Bytes, ...) -- CPU_ReadMem(4 bytes @ 0x200153D4) - Data: 1B AC 40 00  returns 0x00 (0002ms, 246992ms total)
T1314 335288:814 JLINK_ReadMemHW(0x0040AC1A, 0x0004 Bytes, ...) -- CPU_ReadMem(4 bytes @ 0x0040AC1A) - Data: 03 46 00 2B  returns 0x00 (0004ms, 246996ms total)
T1314 335288:818 JLINK_ReadMem (0x200153D0, 0x0004 Bytes, ...) -- CPU_ReadMem(4 bytes @ 0x200153D0) - Data: D0 54 01 20  returns 0x00 (0002ms, 246998ms total)
T1314 335288:824 JLINK_ReadMem (0x200153C4, 0x0004 Bytes, ...) -- CPU_ReadMem(4 bytes @ 0x200153C4) - Data: 48 1F 00 20  returns 0x00 (0003ms, 247001ms total)
T1314 335288:828 JLINK_ReadMem (0x200153C0, 0x0004 Bytes, ...) -- CPU_ReadMem(4 bytes @ 0x200153C0) - Data: D4 54 01 20  returns 0x00 (0002ms, 247003ms total)
T03F4 335288:859 JLINK_IsHalted()  returns TRUE (0000ms, 247003ms total)
T03F4 335289:060 JLINK_IsHalted()  returns TRUE (0021ms, 247024ms total)
T1120 335289:130 JLINK_ReadMem (0x40000000, 0x000C Bytes, ...) -- CPU_ReadMem(12 bytes @ 0x40000000) - Data: 00 00 00 00 00 00 00 00 00 00 00 00  returns 0x00 (0005ms, 247008ms total)
T1120 335289:137 JLINK_ReadMem (0x40000000, 0x000C Bytes, ...) -- CPU_ReadMem(12 bytes @ 0x40000000) - Data: 00 00 00 00 00 00 00 00 00 00 00 00  returns 0x00 (0003ms, 247011ms total)
T1120 335289:175 JLINK_GetDebugInfo(0x100) -- Value=0xE00FF003  returns 0x00 (0001ms, 247013ms total)
T1120 335289:176 JLINK_ReadMem (0xE00FFFF0, 0x0010 Bytes, ...) -- CPU_ReadMem(16 bytes @ 0xE00FFFF0) - Data: 0D 00 00 00 10 00 00 00 05 00 00 00 B1 00 00 00  returns 0x00 (0009ms, 247022ms total)
T1120 335289:185 JLINK_ReadMem (0xE00FFFD0, 0x0020 Bytes, ...) -- CPU_ReadMem(32 bytes @ 0xE00FFFD0) - Data: 04 00 00 00 00 00 00 00 00 00 00 00 00 00 00 00 ...  returns 0x00 (0002ms, 247024ms total)
T1120 335289:188 JLINK_ReadMemU32(0xE00FF000, 0x0001 Items, ...) -- CPU_ReadMem(4 bytes @ 0xE00FF000) - Data: 03 F0 F0 FF  returns 0x01 (0002ms, 247027ms total)
T1120 335289:190 JLINK_ReadMem (0xE000EFF0, 0x0010 Bytes, ...) -- CPU_ReadMem(16 bytes @ 0xE000EFF0) - Data: 0D 00 00 00 E0 00 00 00 05 00 00 00 B1 00 00 00  returns 0x00 (0002ms, 247029ms total)
T1120 335289:193 JLINK_ReadMem (0xE000EFD0, 0x0020 Bytes, ...) -- CPU_ReadMem(32 bytes @ 0xE000EFD0) - Data: 04 00 00 00 00 00 00 00 00 00 00 00 00 00 00 00 ...  returns 0x00 (0002ms, 247032ms total)
T1120 335289:195 JLINK_ReadMemU32(0xE00FF004, 0x0001 Items, ...) -- CPU_ReadMem(4 bytes @ 0xE00FF004) - Data: 03 20 F0 FF  returns 0x01 (0003ms, 247035ms total)
T1120 335289:198 JLINK_ReadMem (0xE0001FF0, 0x0010 Bytes, ...) -- CPU_ReadMem(16 bytes @ 0xE0001FF0) - Data: 0D 00 00 00 E0 00 00 00 05 00 00 00 B1 00 00 00  returns 0x00 (0003ms, 247038ms total)
T1120 335289:201 JLINK_ReadMem (0xE0001FD0, 0x0020 Bytes, ...) -- CPU_ReadMem(32 bytes @ 0xE0001FD0) - Data: 04 00 00 00 00 00 00 00 00 00 00 00 00 00 00 00 ...  returns 0x00 (0003ms, 247041ms total)
T1120 335289:204 JLINK_ReadMemU32(0xE00FF008, 0x0001 Items, ...) -- CPU_ReadMem(4 bytes @ 0xE00FF008) - Data: 03 30 F0 FF  returns 0x01 (0001ms, 247042ms total)
T1120 335289:205 JLINK_ReadMem (0xE0002FF0, 0x0010 Bytes, ...) -- CPU_ReadMem(16 bytes @ 0xE0002FF0) - Data: 0D 00 00 00 E0 00 00 00 05 00 00 00 B1 00 00 00  returns 0x00 (0003ms, 247045ms total)
T1120 335289:208 JLINK_ReadMem (0xE0002FD0, 0x0020 Bytes, ...) -- CPU_ReadMem(32 bytes @ 0xE0002FD0) - Data: 04 00 00 00 00 00 00 00 00 00 00 00 00 00 00 00 ...  returns 0x00 (0003ms, 247048ms total)
T1120 335289:211 JLINK_ReadMemU32(0xE00FF00C, 0x0001 Items, ...) -- CPU_ReadMem(4 bytes @ 0xE00FF00C) - Data: 03 10 F0 FF  returns 0x01 (0005ms, 247053ms total)
T1120 335289:216 JLINK_ReadMem (0xE0000FF0, 0x0010 Bytes, ...) -- CPU_ReadMem(16 bytes @ 0xE0000FF0) - Data: 0D 00 00 00 E0 00 00 00 05 00 00 00 B1 00 00 00  returns 0x00 (0002ms, 247055ms total)
T1120 335289:218 JLINK_ReadMem (0xE0000FD0, 0x0020 Bytes, ...) -- CPU_ReadMem(32 bytes @ 0xE0000FD0) - Data: 04 00 00 00 00 00 00 00 00 00 00 00 00 00 00 00 ...  returns 0x00 (0003ms, 247058ms total)
T1120 335289:221 JLINK_ReadMemU32(0xE00FF010, 0x0001 Items, ...) -- CPU_ReadMem(4 bytes @ 0xE00FF010) - Data: 03 10 F4 FF  returns 0x01 (0002ms, 247060ms total)
T1120 335289:223 JLINK_ReadMem (0xE0040FF0, 0x0010 Bytes, ...) -- CPU_ReadMem(16 bytes @ 0xE0040FF0) - Data: 0D 00 00 00 90 00 00 00 05 00 00 00 B1 00 00 00  returns 0x00 (0002ms, 247062ms total)
T1120 335289:226 JLINK_ReadMem (0xE0040FD0, 0x0020 Bytes, ...) -- CPU_ReadMem(32 bytes @ 0xE0040FD0) - Data: 04 00 00 00 00 00 00 00 00 00 00 00 00 00 00 00 ...  returns 0x00 (0002ms, 247065ms total)
T1120 335289:228 JLINK_ReadMemU32(0xE00FF014, 0x0001 Items, ...) -- CPU_ReadMem(4 bytes @ 0xE00FF014) - Data: 02 20 F4 FF  returns 0x01 (0002ms, 247067ms total)
T1120 335289:231 JLINK_ReadMemU32(0xE00FF018, 0x0001 Items, ...) -- CPU_ReadMem(4 bytes @ 0xE00FF018) - Data: 00 00 00 00  returns 0x01 (0002ms, 247070ms total)
T1120 335289:233 JLINK_GetDebugInfo(0x100) -- Value=0xE00FF003  returns 0x00 (0001ms, 247071ms total)
T1120 335289:234 JLINK_ReadMem (0xE00FFFF0, 0x0010 Bytes, ...) -- CPU_ReadMem(16 bytes @ 0xE00FFFF0) - Data: 0D 00 00 00 10 00 00 00 05 00 00 00 B1 00 00 00  returns 0x00 (0002ms, 247073ms total)
T1120 335289:236 JLINK_ReadMem (0xE00FFFD0, 0x0020 Bytes, ...) -- CPU_ReadMem(32 bytes @ 0xE00FFFD0) - Data: 04 00 00 00 00 00 00 00 00 00 00 00 00 00 00 00 ...  returns 0x00 (0002ms, 247075ms total)
T1120 335289:238 JLINK_ReadMemU32(0xE00FF000, 0x0001 Items, ...) -- CPU_ReadMem(4 bytes @ 0xE00FF000) - Data: 03 F0 F0 FF  returns 0x01 (0003ms, 247078ms total)
T1120 335289:241 JLINK_ReadMem (0xE000EFF0, 0x0010 Bytes, ...) -- CPU_ReadMem(16 bytes @ 0xE000EFF0) - Data: 0D 00 00 00 E0 00 00 00 05 00 00 00 B1 00 00 00  returns 0x00 (0002ms, 247080ms total)
T1120 335289:244 JLINK_ReadMem (0xE000EFD0, 0x0020 Bytes, ...) -- CPU_ReadMem(32 bytes @ 0xE000EFD0) - Data: 04 00 00 00 00 00 00 00 00 00 00 00 00 00 00 00 ...  returns 0x00 (0001ms, 247082ms total)
T1120 335289:245 JLINK_ReadMemU32(0xE00FF004, 0x0001 Items, ...) -- CPU_ReadMem(4 bytes @ 0xE00FF004) - Data: 03 20 F0 FF  returns 0x01 (0002ms, 247084ms total)
T1120 335289:247 JLINK_ReadMem (0xE0001FF0, 0x0010 Bytes, ...) -- CPU_ReadMem(16 bytes @ 0xE0001FF0) - Data: 0D 00 00 00 E0 00 00 00 05 00 00 00 B1 00 00 00  returns 0x00 (0003ms, 247087ms total)
T1120 335289:250 JLINK_ReadMem (0xE0001FD0, 0x0020 Bytes, ...) -- CPU_ReadMem(32 bytes @ 0xE0001FD0) - Data: 04 00 00 00 00 00 00 00 00 00 00 00 00 00 00 00 ...  returns 0x00 (0002ms, 247089ms total)
T1120 335289:252 JLINK_ReadMemU32(0xE00FF008, 0x0001 Items, ...) -- CPU_ReadMem(4 bytes @ 0xE00FF008) - Data: 03 30 F0 FF  returns 0x01 (0003ms, 247092ms total)
T1120 335289:255 JLINK_ReadMem (0xE0002FF0, 0x0010 Bytes, ...) -- CPU_ReadMem(16 bytes @ 0xE0002FF0) - Data: 0D 00 00 00 E0 00 00 00 05 00 00 00 B1 00 00 00  returns 0x00 (0002ms, 247094ms total)
T1120 335289:258 JLINK_ReadMem (0xE0002FD0, 0x0020 Bytes, ...) -- CPU_ReadMem(32 bytes @ 0xE0002FD0) - Data: 04 00 00 00 00 00 00 00 00 00 00 00 00 00 00 00 ...  returns 0x00 (0002ms, 247097ms total)
T1120 335289:260 JLINK_ReadMemU32(0xE00FF00C, 0x0001 Items, ...) -- CPU_ReadMem(4 bytes @ 0xE00FF00C) - Data: 03 10 F0 FF  returns 0x01 (0002ms, 247099ms total)
T1120 335289:263 JLINK_ReadMem (0xE0000FF0, 0x0010 Bytes, ...) -- CPU_ReadMem(16 bytes @ 0xE0000FF0) - Data: 0D 00 00 00 E0 00 00 00 05 00 00 00 B1 00 00 00  returns 0x00 (0002ms, 247102ms total)
T1120 335289:265 JLINK_ReadMem (0xE0000FD0, 0x0020 Bytes, ...) -- CPU_ReadMem(32 bytes @ 0xE0000FD0) - Data: 04 00 00 00 00 00 00 00 00 00 00 00 00 00 00 00 ...  returns 0x00 (0003ms, 247105ms total)
T1120 335289:268 JLINK_ReadMemU32(0xE00FF010, 0x0001 Items, ...) -- CPU_ReadMem(4 bytes @ 0xE00FF010) - Data: 03 10 F4 FF  returns 0x01 (0002ms, 247107ms total)
T1120 335289:270 JLINK_ReadMem (0xE0040FF0, 0x0010 Bytes, ...) -- CPU_ReadMem(16 bytes @ 0xE0040FF0) - Data: 0D 00 00 00 90 00 00 00 05 00 00 00 B1 00 00 00  returns 0x00 (0003ms, 247110ms total)
T1120 335289:273 JLINK_ReadMem (0xE0040FD0, 0x0020 Bytes, ...) -- CPU_ReadMem(32 bytes @ 0xE0040FD0) - Data: 04 00 00 00 00 00 00 00 00 00 00 00 00 00 00 00 ...  returns 0x00 (0002ms, 247112ms total)
T1120 335289:275 JLINK_ReadMemU32(0xE00FF014, 0x0001 Items, ...) -- CPU_ReadMem(4 bytes @ 0xE00FF014) - Data: 02 20 F4 FF  returns 0x01 (0003ms, 247115ms total)
T1120 335289:278 JLINK_ReadMemU32(0xE00FF018, 0x0001 Items, ...) -- CPU_ReadMem(4 bytes @ 0xE00FF018) - Data: 00 00 00 00  returns 0x01 (0002ms, 247117ms total)
T1120 335289:280 JLINK_GetDebugInfo(0x100) -- Value=0xE00FF003  returns 0x00 (0001ms, 247118ms total)
T1120 335289:281 JLINK_ReadMem (0xE00FFFF0, 0x0010 Bytes, ...) -- CPU_ReadMem(16 bytes @ 0xE00FFFF0) - Data: 0D 00 00 00 10 00 00 00 05 00 00 00 B1 00 00 00  returns 0x00 (0003ms, 247121ms total)
T03F4 335289:284 JLINK_IsHalted()  returns TRUE (0001ms, 247122ms total)
T1120 335289:285 JLINK_ReadMem (0xE00FFFD0, 0x0020 Bytes, ...) -- CPU_ReadMem(32 bytes @ 0xE00FFFD0) - Data: 04 00 00 00 00 00 00 00 00 00 00 00 00 00 00 00 ...  returns 0x00 (0002ms, 247124ms total)
T1120 335289:287 JLINK_ReadMemU32(0xE00FF000, 0x0001 Items, ...) -- CPU_ReadMem(4 bytes @ 0xE00FF000) - Data: 03 F0 F0 FF  returns 0x01 (0002ms, 247126ms total)
T1120 335289:289 JLINK_ReadMem (0xE000EFF0, 0x0010 Bytes, ...) -- CPU_ReadMem(16 bytes @ 0xE000EFF0) - Data: 0D 00 00 00 E0 00 00 00 05 00 00 00 B1 00 00 00  returns 0x00 (0003ms, 247129ms total)
T1120 335289:292 JLINK_ReadMem (0xE000EFD0, 0x0020 Bytes, ...) -- CPU_ReadMem(32 bytes @ 0xE000EFD0) - Data: 04 00 00 00 00 00 00 00 00 00 00 00 00 00 00 00 ...  returns 0x00 (0002ms, 247131ms total)
T1120 335289:294 JLINK_ReadMemU32(0xE00FF004, 0x0001 Items, ...) -- CPU_ReadMem(4 bytes @ 0xE00FF004) - Data: 03 20 F0 FF  returns 0x01 (0003ms, 247134ms total)
T1120 335289:297 JLINK_ReadMem (0xE0001FF0, 0x0010 Bytes, ...) -- CPU_ReadMem(16 bytes @ 0xE0001FF0) - Data: 0D 00 00 00 E0 00 00 00 05 00 00 00 B1 00 00 00  returns 0x00 (0002ms, 247136ms total)
T1120 335289:300 JLINK_ReadMem (0xE0001FD0, 0x0020 Bytes, ...) -- CPU_ReadMem(32 bytes @ 0xE0001FD0) - Data: 04 00 00 00 00 00 00 00 00 00 00 00 00 00 00 00 ...  returns 0x00 (0002ms, 247138ms total)
T1120 335289:302 JLINK_ReadMemU32(0xE00FF008, 0x0001 Items, ...) -- CPU_ReadMem(4 bytes @ 0xE00FF008) - Data: 03 30 F0 FF  returns 0x01 (0002ms, 247140ms total)
T1120 335289:305 JLINK_ReadMem (0xE0002FF0, 0x0010 Bytes, ...) -- CPU_ReadMem(16 bytes @ 0xE0002FF0) - Data: 0D 00 00 00 E0 00 00 00 05 00 00 00 B1 00 00 00  returns 0x00 (0002ms, 247143ms total)
T1120 335289:307 JLINK_ReadMem (0xE0002FD0, 0x0020 Bytes, ...) -- CPU_ReadMem(32 bytes @ 0xE0002FD0) - Data: 04 00 00 00 00 00 00 00 00 00 00 00 00 00 00 00 ...  returns 0x00 (0003ms, 247146ms total)
T1120 335289:310 JLINK_ReadMemU32(0xE00FF00C, 0x0001 Items, ...) -- CPU_ReadMem(4 bytes @ 0xE00FF00C) - Data: 03 10 F0 FF  returns 0x01 (0002ms, 247148ms total)
T1120 335289:312 JLINK_ReadMem (0xE0000FF0, 0x0010 Bytes, ...) -- CPU_ReadMem(16 bytes @ 0xE0000FF0) - Data: 0D 00 00 00 E0 00 00 00 05 00 00 00 B1 00 00 00  returns 0x00 (0002ms, 247150ms total)
T1120 335289:314 JLINK_ReadMem (0xE0000FD0, 0x0020 Bytes, ...) -- CPU_ReadMem(32 bytes @ 0xE0000FD0) - Data: 04 00 00 00 00 00 00 00 00 00 00 00 00 00 00 00 ...  returns 0x00 (0003ms, 247153ms total)
T1120 335289:317 JLINK_ReadMemU32(0xE00FF010, 0x0001 Items, ...) -- CPU_ReadMem(4 bytes @ 0xE00FF010) - Data: 03 10 F4 FF  returns 0x01 (0003ms, 247156ms total)
T1120 335289:320 JLINK_ReadMem (0xE0040FF0, 0x0010 Bytes, ...) -- CPU_ReadMem(16 bytes @ 0xE0040FF0) - Data: 0D 00 00 00 90 00 00 00 05 00 00 00 B1 00 00 00  returns 0x00 (0002ms, 247158ms total)
T1120 335289:322 JLINK_ReadMem (0xE0040FD0, 0x0020 Bytes, ...) -- CPU_ReadMem(32 bytes @ 0xE0040FD0) - Data: 04 00 00 00 00 00 00 00 00 00 00 00 00 00 00 00 ...  returns 0x00 (0003ms, 247161ms total)
T1120 335289:325 JLINK_ReadMemU32(0xE00FF014, 0x0001 Items, ...) -- CPU_ReadMem(4 bytes @ 0xE00FF014) - Data: 02 20 F4 FF  returns 0x01 (0002ms, 247163ms total)
T1120 335289:328 JLINK_ReadMemU32(0xE00FF018, 0x0001 Items, ...) -- CPU_ReadMem(4 bytes @ 0xE00FF018) - Data: 00 00 00 00  returns 0x01 (0001ms, 247165ms total)
T1120 335289:329 JLINK_GetDebugInfo(0x100) -- Value=0xE00FF003  returns 0x00 (0001ms, 247166ms total)
T1120 335289:330 JLINK_ReadMem (0xE00FFFF0, 0x0010 Bytes, ...) -- CPU_ReadMem(16 bytes @ 0xE00FFFF0) - Data: 0D 00 00 00 10 00 00 00 05 00 00 00 B1 00 00 00  returns 0x00 (0002ms, 247168ms total)
T1120 335289:333 JLINK_ReadMem (0xE00FFFD0, 0x0020 Bytes, ...) -- CPU_ReadMem(32 bytes @ 0xE00FFFD0) - Data: 04 00 00 00 00 00 00 00 00 00 00 00 00 00 00 00 ...  returns 0x00 (0002ms, 247171ms total)
T1120 335289:335 JLINK_ReadMemU32(0xE00FF000, 0x0001 Items, ...) -- CPU_ReadMem(4 bytes @ 0xE00FF000) - Data: 03 F0 F0 FF  returns 0x01 (0004ms, 247175ms total)
T1120 335289:339 JLINK_ReadMem (0xE000EFF0, 0x0010 Bytes, ...) -- CPU_ReadMem(16 bytes @ 0xE000EFF0) - Data: 0D 00 00 00 E0 00 00 00 05 00 00 00 B1 00 00 00  returns 0x00 (0002ms, 247177ms total)
T1120 335289:341 JLINK_ReadMem (0xE000EFD0, 0x0020 Bytes, ...) -- CPU_ReadMem(32 bytes @ 0xE000EFD0) - Data: 04 00 00 00 00 00 00 00 00 00 00 00 00 00 00 00 ...  returns 0x00 (0003ms, 247180ms total)
T1120 335289:344 JLINK_ReadMemU32(0xE00FF004, 0x0001 Items, ...) -- CPU_ReadMem(4 bytes @ 0xE00FF004) - Data: 03 20 F0 FF  returns 0x01 (0002ms, 247182ms total)
T1120 335289:346 JLINK_ReadMem (0xE0001FF0, 0x0010 Bytes, ...) -- CPU_ReadMem(16 bytes @ 0xE0001FF0) - Data: 0D 00 00 00 E0 00 00 00 05 00 00 00 B1 00 00 00  returns 0x00 (0003ms, 247185ms total)
T1120 335289:349 JLINK_ReadMem (0xE0001FD0, 0x0020 Bytes, ...) -- CPU_ReadMem(32 bytes @ 0xE0001FD0) - Data: 04 00 00 00 00 00 00 00 00 00 00 00 00 00 00 00 ...  returns 0x00 (0002ms, 247187ms total)
T1120 335289:351 JLINK_ReadMemU32(0xE00FF008, 0x0001 Items, ...) -- CPU_ReadMem(4 bytes @ 0xE00FF008) - Data: 03 30 F0 FF  returns 0x01 (0004ms, 247191ms total)
T1120 335289:355 JLINK_ReadMem (0xE0002FF0, 0x0010 Bytes, ...) -- CPU_ReadMem(16 bytes @ 0xE0002FF0) - Data: 0D 00 00 00 E0 00 00 00 05 00 00 00 B1 00 00 00  returns 0x00 (0001ms, 247192ms total)
T1120 335289:356 JLINK_ReadMem (0xE0002FD0, 0x0020 Bytes, ...) -- CPU_ReadMem(32 bytes @ 0xE0002FD0) - Data: 04 00 00 00 00 00 00 00 00 00 00 00 00 00 00 00 ...  returns 0x00 (0003ms, 247195ms total)
T1120 335289:359 JLINK_ReadMemU32(0xE00FF00C, 0x0001 Items, ...) -- CPU_ReadMem(4 bytes @ 0xE00FF00C) - Data: 03 10 F0 FF  returns 0x01 (0002ms, 247197ms total)
T1120 335289:362 JLINK_ReadMem (0xE0000FF0, 0x0010 Bytes, ...) -- CPU_ReadMem(16 bytes @ 0xE0000FF0) - Data: 0D 00 00 00 E0 00 00 00 05 00 00 00 B1 00 00 00  returns 0x00 (0002ms, 247200ms total)
T1120 335289:364 JLINK_ReadMem (0xE0000FD0, 0x0020 Bytes, ...) -- CPU_ReadMem(32 bytes @ 0xE0000FD0) - Data: 04 00 00 00 00 00 00 00 00 00 00 00 00 00 00 00 ...  returns 0x00 (0003ms, 247203ms total)
T1120 335289:367 JLINK_ReadMemU32(0xE00FF010, 0x0001 Items, ...) -- CPU_ReadMem(4 bytes @ 0xE00FF010) - Data: 03 10 F4 FF  returns 0x01 (0002ms, 247205ms total)
T1120 335289:369 JLINK_ReadMem (0xE0040FF0, 0x0010 Bytes, ...) -- CPU_ReadMem(16 bytes @ 0xE0040FF0) - Data: 0D 00 00 00 90 00 00 00 05 00 00 00 B1 00 00 00  returns 0x00 (0002ms, 247207ms total)
T1120 335289:371 JLINK_ReadMem (0xE0040FD0, 0x0020 Bytes, ...) -- CPU_ReadMem(32 bytes @ 0xE0040FD0) - Data: 04 00 00 00 00 00 00 00 00 00 00 00 00 00 00 00 ...  returns 0x00 (0002ms, 247209ms total)
T1120 335289:373 JLINK_ReadMemU32(0xE00FF014, 0x0001 Items, ...) -- CPU_ReadMem(4 bytes @ 0xE00FF014) - Data: 02 20 F4 FF  returns 0x01 (0003ms, 247212ms total)
T1120 335289:376 JLINK_ReadMemU32(0xE00FF018, 0x0001 Items, ...) -- CPU_ReadMem(4 bytes @ 0xE00FF018) - Data: 00 00 00 00  returns 0x01 (0002ms, 247214ms total)
T1120 335289:378 JLINK_GetDebugInfo(0x100) -- Value=0xE00FF003  returns 0x00 (0001ms, 247215ms total)
T1120 335289:379 JLINK_ReadMem (0xE00FFFF0, 0x0010 Bytes, ...) -- CPU_ReadMem(16 bytes @ 0xE00FFFF0) - Data: 0D 00 00 00 10 00 00 00 05 00 00 00 B1 00 00 00  returns 0x00 (0003ms, 247218ms total)
T1120 335289:382 JLINK_ReadMem (0xE00FFFD0, 0x0020 Bytes, ...) -- CPU_ReadMem(32 bytes @ 0xE00FFFD0) - Data: 04 00 00 00 00 00 00 00 00 00 00 00 00 00 00 00 ...  returns 0x00 (0002ms, 247220ms total)
T1120 335289:385 JLINK_ReadMemU32(0xE00FF000, 0x0001 Items, ...) -- CPU_ReadMem(4 bytes @ 0xE00FF000) - Data: 03 F0 F0 FF  returns 0x01 (0002ms, 247223ms total)
T1120 335289:387 JLINK_ReadMem (0xE000EFF0, 0x0010 Bytes, ...) -- CPU_ReadMem(16 bytes @ 0xE000EFF0) - Data: 0D 00 00 00 E0 00 00 00 05 00 00 00 B1 00 00 00  returns 0x00 (0002ms, 247225ms total)
T1120 335289:389 JLINK_ReadMem (0xE000EFD0, 0x0020 Bytes, ...) -- CPU_ReadMem(32 bytes @ 0xE000EFD0) - Data: 04 00 00 00 00 00 00 00 00 00 00 00 00 00 00 00 ...  returns 0x00 (0003ms, 247228ms total)
T1120 335289:392 JLINK_ReadMemU32(0xE00FF004, 0x0001 Items, ...) -- CPU_ReadMem(4 bytes @ 0xE00FF004) - Data: 03 20 F0 FF  returns 0x01 (0002ms, 247230ms total)
T1120 335289:394 JLINK_ReadMem (0xE0001FF0, 0x0010 Bytes, ...) -- CPU_ReadMem(16 bytes @ 0xE0001FF0) - Data: 0D 00 00 00 E0 00 00 00 05 00 00 00 B1 00 00 00  returns 0x00 (0003ms, 247233ms total)
T1120 335289:397 JLINK_ReadMem (0xE0001FD0, 0x0020 Bytes, ...) -- CPU_ReadMem(32 bytes @ 0xE0001FD0) - Data: 04 00 00 00 00 00 00 00 00 00 00 00 00 00 00 00 ...  returns 0x00 (0002ms, 247235ms total)
T1120 335289:399 JLINK_ReadMemU32(0xE00FF008, 0x0001 Items, ...) -- CPU_ReadMem(4 bytes @ 0xE00FF008) - Data: 03 30 F0 FF  returns 0x01 (0003ms, 247238ms total)
T1120 335289:402 JLINK_ReadMem (0xE0002FF0, 0x0010 Bytes, ...) -- CPU_ReadMem(16 bytes @ 0xE0002FF0) - Data: 0D 00 00 00 E0 00 00 00 05 00 00 00 B1 00 00 00  returns 0x00 (0002ms, 247240ms total)
T1120 335289:404 JLINK_ReadMem (0xE0002FD0, 0x0020 Bytes, ...) -- CPU_ReadMem(32 bytes @ 0xE0002FD0) - Data: 04 00 00 00 00 00 00 00 00 00 00 00 00 00 00 00 ...  returns 0x00 (0003ms, 247243ms total)
T1120 335289:407 JLINK_ReadMemU32(0xE00FF00C, 0x0001 Items, ...) -- CPU_ReadMem(4 bytes @ 0xE00FF00C) - Data: 03 10 F0 FF  returns 0x01 (0002ms, 247245ms total)
T1120 335289:409 JLINK_ReadMem (0xE0000FF0, 0x0010 Bytes, ...) -- CPU_ReadMem(16 bytes @ 0xE0000FF0) - Data: 0D 00 00 00 E0 00 00 00 05 00 00 00 B1 00 00 00  returns 0x00 (0003ms, 247248ms total)
T1120 335289:412 JLINK_ReadMem (0xE0000FD0, 0x0020 Bytes, ...) -- CPU_ReadMem(32 bytes @ 0xE0000FD0) - Data: 04 00 00 00 00 00 00 00 00 00 00 00 00 00 00 00 ...  returns 0x00 (0002ms, 247250ms total)
T1120 335289:414 JLINK_ReadMemU32(0xE00FF010, 0x0001 Items, ...) -- CPU_ReadMem(4 bytes @ 0xE00FF010) - Data: 03 10 F4 FF  returns 0x01 (0002ms, 247252ms total)
T1120 335289:416 JLINK_ReadMem (0xE0040FF0, 0x0010 Bytes, ...) -- CPU_ReadMem(16 bytes @ 0xE0040FF0) - Data: 0D 00 00 00 90 00 00 00 05 00 00 00 B1 00 00 00  returns 0x00 (0002ms, 247254ms total)
T1120 335289:418 JLINK_ReadMem (0xE0040FD0, 0x0020 Bytes, ...) -- CPU_ReadMem(32 bytes @ 0xE0040FD0) - Data: 04 00 00 00 00 00 00 00 00 00 00 00 00 00 00 00 ...  returns 0x00 (0002ms, 247256ms total)
T1120 335289:420 JLINK_ReadMemU32(0xE00FF014, 0x0001 Items, ...) -- CPU_ReadMem(4 bytes @ 0xE00FF014) - Data: 02 20 F4 FF  returns 0x01 (0003ms, 247259ms total)
T1120 335289:423 JLINK_ReadMemU32(0xE00FF018, 0x0001 Items, ...) -- CPU_ReadMem(4 bytes @ 0xE00FF018) - Data: 00 00 00 00  returns 0x01 (0002ms, 247261ms total)
T1120 335289:425 JLINK_GetDebugInfo(0x100) -- Value=0xE00FF003  returns 0x00 (0001ms, 247262ms total)
T1120 335289:426 JLINK_ReadMem (0xE00FFFF0, 0x0010 Bytes, ...) -- CPU_ReadMem(16 bytes @ 0xE00FFFF0) - Data: 0D 00 00 00 10 00 00 00 05 00 00 00 B1 00 00 00  returns 0x00 (0003ms, 247265ms total)
T1120 335289:429 JLINK_ReadMem (0xE00FFFD0, 0x0020 Bytes, ...) -- CPU_ReadMem(32 bytes @ 0xE00FFFD0) - Data: 04 00 00 00 00 00 00 00 00 00 00 00 00 00 00 00 ...  returns 0x00 (0002ms, 247267ms total)
T1120 335289:431 JLINK_ReadMemU32(0xE00FF000, 0x0001 Items, ...) -- CPU_ReadMem(4 bytes @ 0xE00FF000) - Data: 03 F0 F0 FF  returns 0x01 (0003ms, 247270ms total)
T1120 335289:434 JLINK_ReadMem (0xE000EFF0, 0x0010 Bytes, ...) -- CPU_ReadMem(16 bytes @ 0xE000EFF0) - Data: 0D 00 00 00 E0 00 00 00 05 00 00 00 B1 00 00 00  returns 0x00 (0002ms, 247272ms total)
T1120 335289:436 JLINK_ReadMem (0xE000EFD0, 0x0020 Bytes, ...) -- CPU_ReadMem(32 bytes @ 0xE000EFD0) - Data: 04 00 00 00 00 00 00 00 00 00 00 00 00 00 00 00 ...  returns 0x00 (0004ms, 247276ms total)
T1120 335289:440 JLINK_ReadMemU32(0xE00FF004, 0x0001 Items, ...) -- CPU_ReadMem(4 bytes @ 0xE00FF004) - Data: 03 20 F0 FF  returns 0x01 (0002ms, 247278ms total)
T1120 335289:443 JLINK_ReadMem (0xE0001FF0, 0x0010 Bytes, ...) -- CPU_ReadMem(16 bytes @ 0xE0001FF0) - Data: 0D 00 00 00 E0 00 00 00 05 00 00 00 B1 00 00 00  returns 0x00 (0002ms, 247281ms total)
T1120 335289:445 JLINK_ReadMem (0xE0001FD0, 0x0020 Bytes, ...) -- CPU_ReadMem(32 bytes @ 0xE0001FD0) - Data: 04 00 00 00 00 00 00 00 00 00 00 00 00 00 00 00 ...  returns 0x00 (0003ms, 247284ms total)
T1120 335289:449 JLINK_ReadMemU32(0xE00FF008, 0x0001 Items, ...) -- CPU_ReadMem(4 bytes @ 0xE00FF008) - Data: 03 30 F0 FF  returns 0x01 (0002ms, 247286ms total)
T1120 335289:451 JLINK_ReadMem (0xE0002FF0, 0x0010 Bytes, ...) -- CPU_ReadMem(16 bytes @ 0xE0002FF0) - Data: 0D 00 00 00 E0 00 00 00 05 00 00 00 B1 00 00 00  returns 0x00 (0002ms, 247288ms total)
T1120 335289:453 JLINK_ReadMem (0xE0002FD0, 0x0020 Bytes, ...) -- CPU_ReadMem(32 bytes @ 0xE0002FD0) - Data: 04 00 00 00 00 00 00 00 00 00 00 00 00 00 00 00 ...  returns 0x00 (0002ms, 247290ms total)
T1120 335289:455 JLINK_ReadMemU32(0xE00FF00C, 0x0001 Items, ...) -- CPU_ReadMem(4 bytes @ 0xE00FF00C) - Data: 03 10 F0 FF  returns 0x01 (0003ms, 247293ms total)
T1120 335289:458 JLINK_ReadMem (0xE0000FF0, 0x0010 Bytes, ...) -- CPU_ReadMem(16 bytes @ 0xE0000FF0) - Data: 0D 00 00 00 E0 00 00 00 05 00 00 00 B1 00 00 00  returns 0x00 (0002ms, 247295ms total)
T1120 335289:460 JLINK_ReadMem (0xE0000FD0, 0x0020 Bytes, ...) -- CPU_ReadMem(32 bytes @ 0xE0000FD0) - Data: 04 00 00 00 00 00 00 00 00 00 00 00 00 00 00 00 ...  returns 0x00 (0002ms, 247297ms total)
T1120 335289:463 JLINK_ReadMemU32(0xE00FF010, 0x0001 Items, ...) -- CPU_ReadMem(4 bytes @ 0xE00FF010) - Data: 03 10 F4 FF  returns 0x01 (0002ms, 247300ms total)
T1120 335289:465 JLINK_ReadMem (0xE0040FF0, 0x0010 Bytes, ...) -- CPU_ReadMem(16 bytes @ 0xE0040FF0) - Data: 0D 00 00 00 90 00 00 00 05 00 00 00 B1 00 00 00  returns 0x00 (0002ms, 247302ms total)
T1120 335289:467 JLINK_ReadMem (0xE0040FD0, 0x0020 Bytes, ...) -- CPU_ReadMem(32 bytes @ 0xE0040FD0) - Data: 04 00 00 00 00 00 00 00 00 00 00 00 00 00 00 00 ...  returns 0x00 (0003ms, 247305ms total)
T1120 335289:470 JLINK_ReadMemU32(0xE00FF014, 0x0001 Items, ...) -- CPU_ReadMem(4 bytes @ 0xE00FF014) - Data: 02 20 F4 FF  returns 0x01 (0002ms, 247307ms total)
T1120 335289:473 JLINK_ReadMemU32(0xE00FF018, 0x0001 Items, ...) -- CPU_ReadMem(4 bytes @ 0xE00FF018) - Data: 00 00 00 00  returns 0x01 (0002ms, 247310ms total)
T1120 335289:475 JLINK_GetDebugInfo(0x100) -- Value=0xE00FF003  returns 0x00 (0001ms, 247311ms total)
T1120 335289:476 JLINK_ReadMem (0xE00FFFF0, 0x0010 Bytes, ...) -- CPU_ReadMem(16 bytes @ 0xE00FFFF0) - Data: 0D 00 00 00 10 00 00 00 05 00 00 00 B1 00 00 00  returns 0x00 (0001ms, 247312ms total)
T1120 335289:477 JLINK_ReadMem (0xE00FFFD0, 0x0020 Bytes, ...) -- CPU_ReadMem(32 bytes @ 0xE00FFFD0) - Data: 04 00 00 00 00 00 00 00 00 00 00 00 00 00 00 00 ...  returns 0x00 (0003ms, 247315ms total)
T1120 335289:480 JLINK_ReadMemU32(0xE00FF000, 0x0001 Items, ...) -- CPU_ReadMem(4 bytes @ 0xE00FF000) - Data: 03 F0 F0 FF  returns 0x01 (0002ms, 247317ms total)
T1120 335289:482 JLINK_ReadMem (0xE000EFF0, 0x0010 Bytes, ...) -- CPU_ReadMem(16 bytes @ 0xE000EFF0) - Data: 0D 00 00 00 E0 00 00 00 05 00 00 00 B1 00 00 00  returns 0x00 (0003ms, 247320ms total)
T03F4 335289:485 JLINK_IsHalted()  returns TRUE (0001ms, 247321ms total)
T1120 335289:486 JLINK_ReadMem (0xE000EFD0, 0x0020 Bytes, ...) -- CPU_ReadMem(32 bytes @ 0xE000EFD0) - Data: 04 00 00 00 00 00 00 00 00 00 00 00 00 00 00 00 ...  returns 0x00 (0001ms, 247322ms total)
T1120 335289:488 JLINK_ReadMemU32(0xE00FF004, 0x0001 Items, ...) -- CPU_ReadMem(4 bytes @ 0xE00FF004) - Data: 03 20 F0 FF  returns 0x01 (0002ms, 247325ms total)
T1120 335289:490 JLINK_ReadMem (0xE0001FF0, 0x0010 Bytes, ...) -- CPU_ReadMem(16 bytes @ 0xE0001FF0) - Data: 0D 00 00 00 E0 00 00 00 05 00 00 00 B1 00 00 00  returns 0x00 (0002ms, 247327ms total)
T1120 335289:493 JLINK_ReadMem (0xE0001FD0, 0x0020 Bytes, ...) -- CPU_ReadMem(32 bytes @ 0xE0001FD0) - Data: 04 00 00 00 00 00 00 00 00 00 00 00 00 00 00 00 ...  returns 0x00 (0002ms, 247330ms total)
T1120 335289:495 JLINK_ReadMemU32(0xE00FF008, 0x0001 Items, ...) -- CPU_ReadMem(4 bytes @ 0xE00FF008) - Data: 03 30 F0 FF  returns 0x01 (0002ms, 247332ms total)
T1120 335289:497 JLINK_ReadMem (0xE0002FF0, 0x0010 Bytes, ...) -- CPU_ReadMem(16 bytes @ 0xE0002FF0) - Data: 0D 00 00 00 E0 00 00 00 05 00 00 00 B1 00 00 00  returns 0x00 (0002ms, 247334ms total)
T1120 335289:499 JLINK_ReadMem (0xE0002FD0, 0x0020 Bytes, ...) -- CPU_ReadMem(32 bytes @ 0xE0002FD0) - Data: 04 00 00 00 00 00 00 00 00 00 00 00 00 00 00 00 ...  returns 0x00 (0003ms, 247337ms total)
T1120 335289:502 JLINK_ReadMemU32(0xE00FF00C, 0x0001 Items, ...) -- CPU_ReadMem(4 bytes @ 0xE00FF00C) - Data: 03 10 F0 FF  returns 0x01 (0003ms, 247340ms total)
T1120 335289:505 JLINK_ReadMem (0xE0000FF0, 0x0010 Bytes, ...) -- CPU_ReadMem(16 bytes @ 0xE0000FF0) - Data: 0D 00 00 00 E0 00 00 00 05 00 00 00 B1 00 00 00  returns 0x00 (0002ms, 247342ms total)
T1120 335289:507 JLINK_ReadMem (0xE0000FD0, 0x0020 Bytes, ...) -- CPU_ReadMem(32 bytes @ 0xE0000FD0) - Data: 04 00 00 00 00 00 00 00 00 00 00 00 00 00 00 00 ...  returns 0x00 (0003ms, 247345ms total)
T1120 335289:510 JLINK_ReadMemU32(0xE00FF010, 0x0001 Items, ...) -- CPU_ReadMem(4 bytes @ 0xE00FF010) - Data: 03 10 F4 FF  returns 0x01 (0002ms, 247347ms total)
T1120 335289:512 JLINK_ReadMem (0xE0040FF0, 0x0010 Bytes, ...) -- CPU_ReadMem(16 bytes @ 0xE0040FF0) - Data: 0D 00 00 00 90 00 00 00 05 00 00 00 B1 00 00 00  returns 0x00 (0003ms, 247350ms total)
T1120 335289:515 JLINK_ReadMem (0xE0040FD0, 0x0020 Bytes, ...) -- CPU_ReadMem(32 bytes @ 0xE0040FD0) - Data: 04 00 00 00 00 00 00 00 00 00 00 00 00 00 00 00 ...  returns 0x00 (0003ms, 247353ms total)
T1120 335289:518 JLINK_ReadMemU32(0xE00FF014, 0x0001 Items, ...) -- CPU_ReadMem(4 bytes @ 0xE00FF014) - Data: 02 20 F4 FF  returns 0x01 (0002ms, 247355ms total)
T1120 335289:520 JLINK_ReadMemU32(0xE00FF018, 0x0001 Items, ...) -- CPU_ReadMem(4 bytes @ 0xE00FF018) - Data: 00 00 00 00  returns 0x01 (0003ms, 247358ms total)
T1120 335289:523 JLINK_GetDebugInfo(0x100) -- Value=0xE00FF003  returns 0x00 (0001ms, 247359ms total)
T1120 335289:524 JLINK_ReadMem (0xE00FFFF0, 0x0010 Bytes, ...) -- CPU_ReadMem(16 bytes @ 0xE00FFFF0) - Data: 0D 00 00 00 10 00 00 00 05 00 00 00 B1 00 00 00  returns 0x00 (0001ms, 247360ms total)
T1120 335289:526 JLINK_ReadMem (0xE00FFFD0, 0x0020 Bytes, ...) -- CPU_ReadMem(32 bytes @ 0xE00FFFD0) - Data: 04 00 00 00 00 00 00 00 00 00 00 00 00 00 00 00 ...  returns 0x00 (0002ms, 247363ms total)
T1120 335289:529 JLINK_ReadMemU32(0xE00FF000, 0x0001 Items, ...) -- CPU_ReadMem(4 bytes @ 0xE00FF000) - Data: 03 F0 F0 FF  returns 0x01 (0003ms, 247367ms total)
T1120 335289:533 JLINK_ReadMem (0xE000EFF0, 0x0010 Bytes, ...) -- CPU_ReadMem(16 bytes @ 0xE000EFF0) - Data: 0D 00 00 00 E0 00 00 00 05 00 00 00 B1 00 00 00  returns 0x00 (0003ms, 247371ms total)
T1120 335289:536 JLINK_ReadMem (0xE000EFD0, 0x0020 Bytes, ...) -- CPU_ReadMem(32 bytes @ 0xE000EFD0) - Data: 04 00 00 00 00 00 00 00 00 00 00 00 00 00 00 00 ...  returns 0x00 (0001ms, 247372ms total)
T1120 335289:537 JLINK_ReadMemU32(0xE00FF004, 0x0001 Items, ...) -- CPU_ReadMem(4 bytes @ 0xE00FF004) - Data: 03 20 F0 FF  returns 0x01 (0003ms, 247375ms total)
T1120 335289:540 JLINK_ReadMem (0xE0001FF0, 0x0010 Bytes, ...) -- CPU_ReadMem(16 bytes @ 0xE0001FF0) - Data: 0D 00 00 00 E0 00 00 00 05 00 00 00 B1 00 00 00  returns 0x00 (0002ms, 247377ms total)
T1120 335289:543 JLINK_ReadMem (0xE0001FD0, 0x0020 Bytes, ...) -- CPU_ReadMem(32 bytes @ 0xE0001FD0) - Data: 04 00 00 00 00 00 00 00 00 00 00 00 00 00 00 00 ...  returns 0x00 (0002ms, 247380ms total)
T1120 335289:545 JLINK_ReadMemU32(0xE00FF008, 0x0001 Items, ...) -- CPU_ReadMem(4 bytes @ 0xE00FF008) - Data: 03 30 F0 FF  returns 0x01 (0003ms, 247383ms total)
T1120 335289:548 JLINK_ReadMem (0xE0002FF0, 0x0010 Bytes, ...) -- CPU_ReadMem(16 bytes @ 0xE0002FF0) - Data: 0D 00 00 00 E0 00 00 00 05 00 00 00 B1 00 00 00  returns 0x00 (0002ms, 247385ms total)
T1120 335289:550 JLINK_ReadMem (0xE0002FD0, 0x0020 Bytes, ...) -- CPU_ReadMem(32 bytes @ 0xE0002FD0) - Data: 04 00 00 00 00 00 00 00 00 00 00 00 00 00 00 00 ...  returns 0x00 (0003ms, 247388ms total)
T1120 335289:553 JLINK_ReadMemU32(0xE00FF00C, 0x0001 Items, ...) -- CPU_ReadMem(4 bytes @ 0xE00FF00C) - Data: 03 10 F0 FF  returns 0x01 (0002ms, 247390ms total)
T1120 335289:555 JLINK_ReadMem (0xE0000FF0, 0x0010 Bytes, ...) -- CPU_ReadMem(16 bytes @ 0xE0000FF0) - Data: 0D 00 00 00 E0 00 00 00 05 00 00 00 B1 00 00 00  returns 0x00 (0003ms, 247393ms total)
T1120 335289:558 JLINK_ReadMem (0xE0000FD0, 0x0020 Bytes, ...) -- CPU_ReadMem(32 bytes @ 0xE0000FD0) - Data: 04 00 00 00 00 00 00 00 00 00 00 00 00 00 00 00 ...  returns 0x00 (0002ms, 247395ms total)
T1120 335289:561 JLINK_ReadMemU32(0xE00FF010, 0x0001 Items, ...) -- CPU_ReadMem(4 bytes @ 0xE00FF010) - Data: 03 10 F4 FF  returns 0x01 (0002ms, 247398ms total)
T1120 335289:563 JLINK_ReadMem (0xE0040FF0, 0x0010 Bytes, ...) -- CPU_ReadMem(16 bytes @ 0xE0040FF0) - Data: 0D 00 00 00 90 00 00 00 05 00 00 00 B1 00 00 00  returns 0x00 (0002ms, 247400ms total)
T1120 335289:566 JLINK_ReadMem (0xE0040FD0, 0x0020 Bytes, ...) -- CPU_ReadMem(32 bytes @ 0xE0040FD0) - Data: 04 00 00 00 00 00 00 00 00 00 00 00 00 00 00 00 ...  returns 0x00 (0002ms, 247403ms total)
T1120 335289:568 JLINK_ReadMemU32(0xE00FF014, 0x0001 Items, ...) -- CPU_ReadMem(4 bytes @ 0xE00FF014) - Data: 02 20 F4 FF  returns 0x01 (0003ms, 247406ms total)
T1120 335289:572 JLINK_ReadMemU32(0xE00FF018, 0x0001 Items, ...) -- CPU_ReadMem(4 bytes @ 0xE00FF018) - Data: 00 00 00 00  returns 0x01 (0002ms, 247409ms total)
T1120 335289:574 JLINK_GetDebugInfo(0x100) -- Value=0xE00FF003  returns 0x00 (0001ms, 247410ms total)
T1120 335289:575 JLINK_ReadMem (0xE00FFFF0, 0x0010 Bytes, ...) -- CPU_ReadMem(16 bytes @ 0xE00FFFF0) - Data: 0D 00 00 00 10 00 00 00 05 00 00 00 B1 00 00 00  returns 0x00 (0003ms, 247413ms total)
T1120 335289:578 JLINK_ReadMem (0xE00FFFD0, 0x0020 Bytes, ...) -- CPU_ReadMem(32 bytes @ 0xE00FFFD0) - Data: 04 00 00 00 00 00 00 00 00 00 00 00 00 00 00 00 ...  returns 0x00 (0001ms, 247414ms total)
T1120 335289:580 JLINK_ReadMemU32(0xE00FF000, 0x0001 Items, ...) -- CPU_ReadMem(4 bytes @ 0xE00FF000) - Data: 03 F0 F0 FF  returns 0x01 (0002ms, 247417ms total)
T1120 335289:582 JLINK_ReadMem (0xE000EFF0, 0x0010 Bytes, ...) -- CPU_ReadMem(16 bytes @ 0xE000EFF0) - Data: 0D 00 00 00 E0 00 00 00 05 00 00 00 B1 00 00 00  returns 0x00 (0002ms, 247419ms total)
T1120 335289:585 JLINK_ReadMem (0xE000EFD0, 0x0020 Bytes, ...) -- CPU_ReadMem(32 bytes @ 0xE000EFD0) - Data: 04 00 00 00 00 00 00 00 00 00 00 00 00 00 00 00 ...  returns 0x00 (0002ms, 247422ms total)
T1120 335289:587 JLINK_ReadMemU32(0xE00FF004, 0x0001 Items, ...) -- CPU_ReadMem(4 bytes @ 0xE00FF004) - Data: 03 20 F0 FF  returns 0x01 (0002ms, 247424ms total)
T1120 335289:589 JLINK_ReadMem (0xE0001FF0, 0x0010 Bytes, ...) -- CPU_ReadMem(16 bytes @ 0xE0001FF0) - Data: 0D 00 00 00 E0 00 00 00 05 00 00 00 B1 00 00 00  returns 0x00 (0003ms, 247427ms total)
T1120 335289:592 JLINK_ReadMem (0xE0001FD0, 0x0020 Bytes, ...) -- CPU_ReadMem(32 bytes @ 0xE0001FD0) - Data: 04 00 00 00 00 00 00 00 00 00 00 00 00 00 00 00 ...  returns 0x00 (0003ms, 247430ms total)
T1120 335289:595 JLINK_ReadMemU32(0xE00FF008, 0x0001 Items, ...) -- CPU_ReadMem(4 bytes @ 0xE00FF008) - Data: 03 30 F0 FF  returns 0x01 (0002ms, 247432ms total)
T1120 335289:598 JLINK_ReadMem (0xE0002FF0, 0x0010 Bytes, ...) -- CPU_ReadMem(16 bytes @ 0xE0002FF0) - Data: 0D 00 00 00 E0 00 00 00 05 00 00 00 B1 00 00 00  returns 0x00 (0002ms, 247435ms total)
T1120 335289:600 JLINK_ReadMem (0xE0002FD0, 0x0020 Bytes, ...) -- CPU_ReadMem(32 bytes @ 0xE0002FD0) - Data: 04 00 00 00 00 00 00 00 00 00 00 00 00 00 00 00 ...  returns 0x00 (0002ms, 247437ms total)
T1120 335289:603 JLINK_ReadMemU32(0xE00FF00C, 0x0001 Items, ...) -- CPU_ReadMem(4 bytes @ 0xE00FF00C) - Data: 03 10 F0 FF  returns 0x01 (0002ms, 247440ms total)
T1120 335289:605 JLINK_ReadMem (0xE0000FF0, 0x0010 Bytes, ...) -- CPU_ReadMem(16 bytes @ 0xE0000FF0) - Data: 0D 00 00 00 E0 00 00 00 05 00 00 00 B1 00 00 00  returns 0x00 (0003ms, 247443ms total)
T1120 335289:608 JLINK_ReadMem (0xE0000FD0, 0x0020 Bytes, ...) -- CPU_ReadMem(32 bytes @ 0xE0000FD0) - Data: 04 00 00 00 00 00 00 00 00 00 00 00 00 00 00 00 ...  returns 0x00 (0002ms, 247445ms total)
T1120 335289:610 JLINK_ReadMemU32(0xE00FF010, 0x0001 Items, ...) -- CPU_ReadMem(4 bytes @ 0xE00FF010) - Data: 03 10 F4 FF  returns 0x01 (0003ms, 247448ms total)
T1120 335289:613 JLINK_ReadMem (0xE0040FF0, 0x0010 Bytes, ...) -- CPU_ReadMem(16 bytes @ 0xE0040FF0) - Data: 0D 00 00 00 90 00 00 00 05 00 00 00 B1 00 00 00  returns 0x00 (0002ms, 247450ms total)
T1120 335289:615 JLINK_ReadMem (0xE0040FD0, 0x0020 Bytes, ...) -- CPU_ReadMem(32 bytes @ 0xE0040FD0) - Data: 04 00 00 00 00 00 00 00 00 00 00 00 00 00 00 00 ...  returns 0x00 (0004ms, 247454ms total)
T1120 335289:619 JLINK_ReadMemU32(0xE00FF014, 0x0001 Items, ...) -- CPU_ReadMem(4 bytes @ 0xE00FF014) - Data: 02 20 F4 FF  returns 0x01 (0001ms, 247455ms total)
T1120 335289:621 JLINK_ReadMemU32(0xE00FF018, 0x0001 Items, ...) -- CPU_ReadMem(4 bytes @ 0xE00FF018) - Data: 00 00 00 00  returns 0x01 (0002ms, 247458ms total)
T1120 335289:623 JLINK_GetDebugInfo(0x100) -- Value=0xE00FF003  returns 0x00 (0001ms, 247459ms total)
T1120 335289:624 JLINK_ReadMem (0xE00FFFF0, 0x0010 Bytes, ...) -- CPU_ReadMem(16 bytes @ 0xE00FFFF0) - Data: 0D 00 00 00 10 00 00 00 05 00 00 00 B1 00 00 00  returns 0x00 (0003ms, 247462ms total)
T1120 335289:627 JLINK_ReadMem (0xE00FFFD0, 0x0020 Bytes, ...) -- CPU_ReadMem(32 bytes @ 0xE00FFFD0) - Data: 04 00 00 00 00 00 00 00 00 00 00 00 00 00 00 00 ...  returns 0x00 (0002ms, 247464ms total)
T1120 335289:629 JLINK_ReadMemU32(0xE00FF000, 0x0001 Items, ...) -- CPU_ReadMem(4 bytes @ 0xE00FF000) - Data: 03 F0 F0 FF  returns 0x01 (0003ms, 247467ms total)
T1120 335289:632 JLINK_ReadMem (0xE000EFF0, 0x0010 Bytes, ...) -- CPU_ReadMem(16 bytes @ 0xE000EFF0) - Data: 0D 00 00 00 E0 00 00 00 05 00 00 00 B1 00 00 00  returns 0x00 (0002ms, 247469ms total)
T1120 335289:634 JLINK_ReadMem (0xE000EFD0, 0x0020 Bytes, ...) -- CPU_ReadMem(32 bytes @ 0xE000EFD0) - Data: 04 00 00 00 00 00 00 00 00 00 00 00 00 00 00 00 ...  returns 0x00 (0004ms, 247473ms total)
T1120 335289:639 JLINK_ReadMemU32(0xE00FF004, 0x0001 Items, ...) -- CPU_ReadMem(4 bytes @ 0xE00FF004) - Data: 03 20 F0 FF  returns 0x01 (0001ms, 247475ms total)
T1120 335289:641 JLINK_ReadMem (0xE0001FF0, 0x0010 Bytes, ...) -- CPU_ReadMem(16 bytes @ 0xE0001FF0) - Data: 0D 00 00 00 E0 00 00 00 05 00 00 00 B1 00 00 00  returns 0x00 (0002ms, 247478ms total)
T1120 335289:643 JLINK_ReadMem (0xE0001FD0, 0x0020 Bytes, ...) -- CPU_ReadMem(32 bytes @ 0xE0001FD0) - Data: 04 00 00 00 00 00 00 00 00 00 00 00 00 00 00 00 ...  returns 0x00 (0003ms, 247481ms total)
T1120 335289:646 JLINK_ReadMemU32(0xE00FF008, 0x0001 Items, ...) -- CPU_ReadMem(4 bytes @ 0xE00FF008) - Data: 03 30 F0 FF  returns 0x01 (0002ms, 247483ms total)
T1120 335289:648 JLINK_ReadMem (0xE0002FF0, 0x0010 Bytes, ...) -- CPU_ReadMem(16 bytes @ 0xE0002FF0) - Data: 0D 00 00 00 E0 00 00 00 05 00 00 00 B1 00 00 00  returns 0x00 (0003ms, 247486ms total)
T1120 335289:651 JLINK_ReadMem (0xE0002FD0, 0x0020 Bytes, ...) -- CPU_ReadMem(32 bytes @ 0xE0002FD0) - Data: 04 00 00 00 00 00 00 00 00 00 00 00 00 00 00 00 ...  returns 0x00 (0002ms, 247488ms total)
T1120 335289:653 JLINK_ReadMemU32(0xE00FF00C, 0x0001 Items, ...) -- CPU_ReadMem(4 bytes @ 0xE00FF00C) - Data: 03 10 F0 FF  returns 0x01 (0003ms, 247491ms total)
T1120 335289:656 JLINK_ReadMem (0xE0000FF0, 0x0010 Bytes, ...) -- CPU_ReadMem(16 bytes @ 0xE0000FF0) - Data: 0D 00 00 00 E0 00 00 00 05 00 00 00 B1 00 00 00  returns 0x00 (0002ms, 247493ms total)
T1120 335289:658 JLINK_ReadMem (0xE0000FD0, 0x0020 Bytes, ...) -- CPU_ReadMem(32 bytes @ 0xE0000FD0) - Data: 04 00 00 00 00 00 00 00 00 00 00 00 00 00 00 00 ...  returns 0x00 (0003ms, 247496ms total)
T1120 335289:661 JLINK_ReadMemU32(0xE00FF010, 0x0001 Items, ...) -- CPU_ReadMem(4 bytes @ 0xE00FF010) - Data: 03 10 F4 FF  returns 0x01 (0002ms, 247498ms total)
T1120 335289:663 JLINK_ReadMem (0xE0040FF0, 0x0010 Bytes, ...) -- CPU_ReadMem(16 bytes @ 0xE0040FF0) - Data: 0D 00 00 00 90 00 00 00 05 00 00 00 B1 00 00 00  returns 0x00 (0002ms, 247500ms total)
T1120 335289:665 JLINK_ReadMem (0xE0040FD0, 0x0020 Bytes, ...) -- CPU_ReadMem(32 bytes @ 0xE0040FD0) - Data: 04 00 00 00 00 00 00 00 00 00 00 00 00 00 00 00 ...  returns 0x00 (0003ms, 247503ms total)
T1120 335289:668 JLINK_ReadMemU32(0xE00FF014, 0x0001 Items, ...) -- CPU_ReadMem(4 bytes @ 0xE00FF014) - Data: 02 20 F4 FF  returns 0x01 (0002ms, 247505ms total)
T1120 335289:670 JLINK_ReadMemU32(0xE00FF018, 0x0001 Items, ...) -- CPU_ReadMem(4 bytes @ 0xE00FF018) - Data: 00 00 00 00  returns 0x01 (0003ms, 247508ms total)
T1120 335289:673 JLINK_GetDebugInfo(0x100) -- Value=0xE00FF003  returns 0x00 (0001ms, 247509ms total)
T1120 335289:674 JLINK_ReadMem (0xE00FFFF0, 0x0010 Bytes, ...) -- CPU_ReadMem(16 bytes @ 0xE00FFFF0) - Data: 0D 00 00 00 10 00 00 00 05 00 00 00 B1 00 00 00  returns 0x00 (0002ms, 247511ms total)
T1120 335289:676 JLINK_ReadMem (0xE00FFFD0, 0x0020 Bytes, ...) -- CPU_ReadMem(32 bytes @ 0xE00FFFD0) - Data: 04 00 00 00 00 00 00 00 00 00 00 00 00 00 00 00 ...  returns 0x00 (0003ms, 247514ms total)
T1120 335289:679 JLINK_ReadMemU32(0xE00FF000, 0x0001 Items, ...) -- CPU_ReadMem(4 bytes @ 0xE00FF000) - Data: 03 F0 F0 FF  returns 0x01 (0002ms, 247516ms total)
T1120 335289:681 JLINK_ReadMem (0xE000EFF0, 0x0010 Bytes, ...) -- CPU_ReadMem(16 bytes @ 0xE000EFF0) - Data: 0D 00 00 00 E0 00 00 00 05 00 00 00 B1 00 00 00  returns 0x00 (0003ms, 247519ms total)
T1120 335289:684 JLINK_ReadMem (0xE000EFD0, 0x0020 Bytes, ...) -- CPU_ReadMem(32 bytes @ 0xE000EFD0) - Data: 04 00 00 00 00 00 00 00 00 00 00 00 00 00 00 00 ...  returns 0x00 (0002ms, 247521ms total)
T03F4 335289:686 JLINK_IsHalted()  returns TRUE (0003ms, 247524ms total)
T1120 335289:689 JLINK_ReadMemU32(0xE00FF004, 0x0001 Items, ...) -- CPU_ReadMem(4 bytes @ 0xE00FF004) - Data: 03 20 F0 FF  returns 0x01 (0002ms, 247526ms total)
T1120 335289:691 JLINK_ReadMem (0xE0001FF0, 0x0010 Bytes, ...) -- CPU_ReadMem(16 bytes @ 0xE0001FF0) - Data: 0D 00 00 00 E0 00 00 00 05 00 00 00 B1 00 00 00  returns 0x00 (0003ms, 247529ms total)
T1120 335289:694 JLINK_ReadMem (0xE0001FD0, 0x0020 Bytes, ...) -- CPU_ReadMem(32 bytes @ 0xE0001FD0) - Data: 04 00 00 00 00 00 00 00 00 00 00 00 00 00 00 00 ...  returns 0x00 (0002ms, 247531ms total)
T1120 335289:696 JLINK_ReadMemU32(0xE00FF008, 0x0001 Items, ...) -- CPU_ReadMem(4 bytes @ 0xE00FF008) - Data: 03 30 F0 FF  returns 0x01 (0003ms, 247534ms total)
T1120 335289:699 JLINK_ReadMem (0xE0002FF0, 0x0010 Bytes, ...) -- CPU_ReadMem(16 bytes @ 0xE0002FF0) - Data: 0D 00 00 00 E0 00 00 00 05 00 00 00 B1 00 00 00  returns 0x00 (0002ms, 247536ms total)
T1120 335289:702 JLINK_ReadMem (0xE0002FD0, 0x0020 Bytes, ...) -- CPU_ReadMem(32 bytes @ 0xE0002FD0) - Data: 04 00 00 00 00 00 00 00 00 00 00 00 00 00 00 00 ...  returns 0x00 (0002ms, 247539ms total)
T1120 335289:704 JLINK_ReadMemU32(0xE00FF00C, 0x0001 Items, ...) -- CPU_ReadMem(4 bytes @ 0xE00FF00C) - Data: 03 10 F0 FF  returns 0x01 (0002ms, 247541ms total)
T1120 335289:706 JLINK_ReadMem (0xE0000FF0, 0x0010 Bytes, ...) -- CPU_ReadMem(16 bytes @ 0xE0000FF0) - Data: 0D 00 00 00 E0 00 00 00 05 00 00 00 B1 00 00 00  returns 0x00 (0002ms, 247543ms total)
T1120 335289:708 JLINK_ReadMem (0xE0000FD0, 0x0020 Bytes, ...) -- CPU_ReadMem(32 bytes @ 0xE0000FD0) - Data: 04 00 00 00 00 00 00 00 00 00 00 00 00 00 00 00 ...  returns 0x00 (0003ms, 247546ms total)
T1120 335289:711 JLINK_ReadMemU32(0xE00FF010, 0x0001 Items, ...) -- CPU_ReadMem(4 bytes @ 0xE00FF010) - Data: 03 10 F4 FF  returns 0x01 (0002ms, 247548ms total)
T1120 335289:713 JLINK_ReadMem (0xE0040FF0, 0x0010 Bytes, ...) -- CPU_ReadMem(16 bytes @ 0xE0040FF0) - Data: 0D 00 00 00 90 00 00 00 05 00 00 00 B1 00 00 00  returns 0x00 (0003ms, 247551ms total)
T1120 335289:716 JLINK_ReadMem (0xE0040FD0, 0x0020 Bytes, ...) -- CPU_ReadMem(32 bytes @ 0xE0040FD0) - Data: 04 00 00 00 00 00 00 00 00 00 00 00 00 00 00 00 ...  returns 0x00 (0002ms, 247553ms total)
T1120 335289:718 JLINK_ReadMemU32(0xE00FF014, 0x0001 Items, ...) -- CPU_ReadMem(4 bytes @ 0xE00FF014) - Data: 02 20 F4 FF  returns 0x01 (0002ms, 247555ms total)
T1120 335289:721 JLINK_ReadMemU32(0xE00FF018, 0x0001 Items, ...) -- CPU_ReadMem(4 bytes @ 0xE00FF018) - Data: 00 00 00 00  returns 0x01 (0002ms, 247558ms total)
T1314 335289:808 JLINK_ReadMem (0x2000A04E, 0x0001 Bytes, ...) -- CPU_ReadMem(64 bytes @ 0x2000A040) -- Updating C cache (64 bytes @ 0x2000A040) -- Read from C cache (1 bytes @ 0x2000A04E) - Data: 00  returns 0x00 (0008ms, 247566ms total)
T1314 335289:864 JLINK_ReadMem (0x2000A04F, 0x0001 Bytes, ...) -- Read from C cache (1 bytes @ 0x2000A04F) - Data: 01  returns 0x00 (0001ms, 247568ms total)
T03F4 335289:894 JLINK_IsHalted()  returns TRUE (0001ms, 247569ms total)
T03F4 335290:095 JLINK_IsHalted()  returns TRUE (0001ms, 247569ms total)
T03F4 335290:296 JLINK_IsHalted()  returns TRUE (0022ms, 247590ms total)
T03F4 335290:519 JLINK_IsHalted()  returns TRUE (0002ms, 247570ms total)
T03F4 335290:721 JLINK_IsHalted()  returns TRUE (0001ms, 247569ms total)
T03F4 335290:923 JLINK_IsHalted()  returns TRUE (0003ms, 247571ms total)
T03F4 335291:127 JLINK_IsHalted()  returns TRUE (0001ms, 247569ms total)
T03F4 335291:331 JLINK_IsHalted()  returns TRUE (0003ms, 247571ms total)
T03F4 335291:561 JLINK_IsHalted()  returns TRUE (0002ms, 247570ms total)
T1314 335291:729 JLINK_ReadReg(R15 (PC))  returns 0x00400DBC (0002ms, 247570ms total)
T1314 335291:731 JLINK_Go() -- CPU_ReadMem(4 bytes @ 0xE0001000) (0014ms, 247584ms total)
T03F4 335291:745 JLINK_IsHalted()  returns FALSE (0001ms, 247585ms total)
T03F4 335291:788 JLINK_IsHalted()  returns FALSE (0003ms, 247587ms total)
T03F4 335291:953 JLINK_IsHalted()  returns FALSE (0011ms, 247595ms total)
T03F4 335292:606 JLINK_IsHalted()  returns FALSE (0003ms, 247587ms total)
T03F4 335293:249 JLINK_IsHalted()  returns FALSE (0014ms, 247598ms total)
T03F4 335293:905 JLINK_IsHalted()  returns FALSE (0019ms, 247603ms total)
T03F4 335294:565 JLINK_IsHalted()  returns FALSE (0018ms, 247602ms total)
T03F4 335295:224 JLINK_IsHalted()  returns FALSE (0006ms, 247590ms total)
T03F4 335295:871 JLINK_IsHalted()  returns FALSE (0007ms, 247591ms total)
T03F4 335296:519 JLINK_IsHalted()  returns FALSE (0014ms, 247598ms total)
T03F4 335297:174 JLINK_IsHalted()  returns FALSE (0005ms, 247589ms total)
T03F4 335297:820 JLINK_IsHalted()  returns FALSE (0014ms, 247598ms total)
T03F4 335298:475 JLINK_IsHalted()  returns FALSE (0020ms, 247604ms total)
T03F4 335299:136 JLINK_IsHalted()  returns FALSE (0022ms, 247606ms total)
T03F4 335299:798 JLINK_IsHalted()  returns FALSE (0007ms, 247591ms total)
T03F4 335300:447 JLINK_IsHalted()  returns FALSE (0012ms, 247596ms total)
T03F4 335301:101 JLINK_IsHalted()  returns FALSE (0009ms, 247593ms total)
T03F4 335301:750 JLINK_IsHalted()  returns FALSE (0018ms, 247602ms total)
T03F4 335302:410 JLINK_IsHalted()  returns FALSE (0022ms, 247606ms total)
T03F4 335303:086 JLINK_IsHalted()  returns FALSE (0003ms, 247587ms total)
T03F4 335303:731 JLINK_IsHalted()  returns FALSE (0014ms, 247602ms total)
T03F4 335304:385 JLINK_IsHalted()  returns FALSE (0010ms, 247598ms total)
T03F4 335305:037 JLINK_IsHalted()  returns FALSE (0001ms, 247589ms total)
T03F4 335305:679 JLINK_IsHalted()  returns FALSE (0004ms, 247592ms total)
T03F4 335306:342 JLINK_IsHalted()  returns FALSE (0004ms, 247592ms total)
T1314 335306:804 JLINK_Halt()  returns 0x00 (0010ms, 247598ms total)
T03F4 335306:988 JLINK_IsHalted()  returns TRUE (0001ms, 247599ms total)
T03F4 335306:990 JLINK_GetMOEs(...) -- CPU_ReadMem(4 bytes @ 0xE000ED30) -- CPU_WriteMem(4 bytes @ 0xE000ED30)  returns 0x01 (0004ms, 247602ms total)
T03F4 335306:994 JLINK_ReadReg(R15 (PC))  returns 0x00403488 (0001ms, 247603ms total)
T1120 335306:995 JLINK_ResetPullsRESET(OFF) (0000ms, 247603ms total)
T1120 335306:996 JLINK_GoEx(MaxEmulInsts = 100, Flags = 0x01) -- CPU_ReadMem(4 bytes @ 0xE0001000) (0002ms, 247606ms total)
T1120 335307:022 JLINK_Close() >0x42 TIF> >0x28 TIF> >0x0D TIF> >0x21 TIF> (0010ms, 247617ms total)
T1120 335307:022  (0010ms, 247617ms total)
T1120 335307:022 Closed (0011ms, 247618ms total)
